16:33:35 INFO  : Registering command handlers for SDK TCF services
16:33:35 INFO  : Launching XSCT server: xsct.bat -interactive C:\Users\user\Desktop\20240108Final\Final\Final.sdk\temp_xsdb_launch_script.tcl
16:33:36 INFO  : XSCT server has started successfully.
16:33:36 INFO  : Successfully done setting XSCT server connection channel  
16:33:36 INFO  : Successfully done setting SDK workspace  
16:33:36 INFO  : Processing command line option -hwspec C:/Users/user/Desktop/20240108Final/Final/Final.sdk/design_1_wrapper.hdf.
16:51:33 INFO  : Registering command handlers for SDK TCF services
16:51:33 INFO  : Launching XSCT server: xsct.bat -interactive C:\Users\user\Desktop\20240108Final\Final\Final.sdk\temp_xsdb_launch_script.tcl
16:51:34 INFO  : XSCT server has started successfully.
16:51:34 INFO  : Successfully done setting XSCT server connection channel  
16:51:34 INFO  : Successfully done setting SDK workspace  
16:51:34 INFO  : Processing command line option -hwspec C:/Users/user/Desktop/20240108Final/Final/Final.sdk/design_1_wrapper.hdf.
16:51:34 INFO  : Checking for hwspec changes in the project design_1_wrapper_hw_platform_0.
16:52:10 INFO  : Connected to target on host '127.0.0.1' and port '3121'.
16:52:11 INFO  : 'targets -set -filter {jtag_cable_name =~ "Xilinx TUL 1234-tulA" && level==0} -index 1' command is executed.
16:52:13 INFO  : FPGA configured successfully with bitstream "C:/Users/user/Desktop/20240108Final/Final/Final.sdk/design_1_wrapper_hw_platform_0/design_1_wrapper.bit"
16:52:19 INFO  : 'targets -set -filter {jtag_cable_name =~ "Xilinx TUL 1234-tulA" && level==0} -index 1' command is executed.
16:52:19 INFO  : 'fpga -state' command is executed.
16:52:19 INFO  : Connected to target on host '127.0.0.1' and port '3121'.
16:52:19 INFO  : Jtag cable 'Xilinx TUL 1234-tulA' is selected.
16:52:19 INFO  : 'jtag frequency' command is executed.
16:52:19 INFO  : Sourcing of 'C:/Users/user/Desktop/20240108Final/Final/Final.sdk/design_1_wrapper_hw_platform_0/ps7_init.tcl' is done.
16:52:19 INFO  : Context for 'APU' is selected.
16:52:19 INFO  : Hardware design information is loaded from 'C:/Users/user/Desktop/20240108Final/Final/Final.sdk/design_1_wrapper_hw_platform_0/system.hdf'.
16:52:19 INFO  : 'configparams force-mem-access 1' command is executed.
16:52:19 INFO  : Context for 'APU' is selected.
16:52:19 INFO  : 'stop' command is executed.
16:52:19 INFO  : 'ps7_init' command is executed.
16:52:19 INFO  : 'ps7_post_config' command is executed.
16:52:19 INFO  : Context for processor 'ps7_cortexa9_0' is selected.
16:52:20 INFO  : Processor reset is completed for 'ps7_cortexa9_0'.
16:52:20 INFO  : Context for processor 'ps7_cortexa9_0' is selected.
16:52:20 INFO  : The application 'C:/Users/user/Desktop/20240108Final/Final/Final.sdk/Final/Debug/Final.elf' is downloaded to processor 'ps7_cortexa9_0'.
16:52:20 INFO  : 'configparams force-mem-access 0' command is executed.
16:52:20 INFO  : ----------------XSDB Script----------------
connect -url tcp:127.0.0.1:3121
source C:/Users/user/Desktop/20240108Final/Final/Final.sdk/design_1_wrapper_hw_platform_0/ps7_init.tcl
targets -set -nocase -filter {name =~"APU*" && jtag_cable_name =~ "Xilinx TUL 1234-tulA"} -index 0
loadhw -hw C:/Users/user/Desktop/20240108Final/Final/Final.sdk/design_1_wrapper_hw_platform_0/system.hdf -mem-ranges [list {0x40000000 0xbfffffff}]
configparams force-mem-access 1
targets -set -nocase -filter {name =~"APU*" && jtag_cable_name =~ "Xilinx TUL 1234-tulA"} -index 0
stop
ps7_init
ps7_post_config
targets -set -nocase -filter {name =~ "ARM*#0" && jtag_cable_name =~ "Xilinx TUL 1234-tulA"} -index 0
rst -processor
targets -set -nocase -filter {name =~ "ARM*#0" && jtag_cable_name =~ "Xilinx TUL 1234-tulA"} -index 0
dow C:/Users/user/Desktop/20240108Final/Final/Final.sdk/Final/Debug/Final.elf
configparams force-mem-access 0
----------------End of Script----------------

16:52:20 INFO  : Memory regions updated for context APU
16:52:20 INFO  : Context for processor 'ps7_cortexa9_0' is selected.
16:52:20 INFO  : 'con' command is executed.
16:52:20 INFO  : ----------------XSDB Script (After Launch)----------------
targets -set -nocase -filter {name =~ "ARM*#0" && jtag_cable_name =~ "Xilinx TUL 1234-tulA"} -index 0
con
----------------End of Script----------------

16:52:20 INFO  : Launch script is exported to file 'C:\Users\user\Desktop\20240108Final\Final\Final.sdk\.sdk\launch_scripts\xilinx_c-c++_application_(system_debugger)\system_debugger_using_debug_final.elf_on_local.tcl'
14:22:40 INFO  : Disconnected from the channel tcfchan#1.
14:25:37 INFO  : Registering command handlers for SDK TCF services
14:25:37 INFO  : Launching XSCT server: xsct.bat -interactive C:\Users\user\Desktop\SoC\20240109Final\Final.sdk\temp_xsdb_launch_script.tcl
14:25:40 INFO  : XSCT server has started successfully.
14:25:40 INFO  : Successfully done setting XSCT server connection channel  
14:25:40 INFO  : Successfully done setting SDK workspace  
14:25:40 INFO  : Processing command line option -hwspec C:/Users/user/Desktop/SoC/20240109Final/Final.sdk/design_1_wrapper.hdf.
14:25:53 INFO  : Connected to target on host '127.0.0.1' and port '3121'.
14:25:53 INFO  : 'targets -set -filter {jtag_cable_name =~ "Xilinx TUL 1234-tulA" && level==0} -index 1' command is executed.
14:25:55 INFO  : FPGA configured successfully with bitstream "C:/Users/user/Desktop/SoC/20240109Final/Final.sdk/design_1_wrapper_hw_platform_0/design_1_wrapper.bit"
14:25:59 INFO  : 'targets -set -filter {jtag_cable_name =~ "Xilinx TUL 1234-tulA" && level==0} -index 1' command is executed.
14:25:59 INFO  : 'fpga -state' command is executed.
14:25:59 INFO  : Connected to target on host '127.0.0.1' and port '3121'.
14:25:59 INFO  : Jtag cable 'Xilinx TUL 1234-tulA' is selected.
14:25:59 INFO  : 'jtag frequency' command is executed.
14:25:59 INFO  : Sourcing of 'C:/Users/user/Desktop/SoC/20240109Final/Final.sdk/design_1_wrapper_hw_platform_0/ps7_init.tcl' is done.
14:25:59 INFO  : Context for 'APU' is selected.
14:25:59 INFO  : Hardware design information is loaded from 'C:/Users/user/Desktop/SoC/20240109Final/Final.sdk/design_1_wrapper_hw_platform_0/system.hdf'.
14:25:59 INFO  : 'configparams force-mem-access 1' command is executed.
14:25:59 INFO  : Context for 'APU' is selected.
14:25:59 INFO  : 'stop' command is executed.
14:26:00 INFO  : 'ps7_init' command is executed.
14:26:00 INFO  : 'ps7_post_config' command is executed.
14:26:00 INFO  : Context for processor 'ps7_cortexa9_0' is selected.
14:26:00 INFO  : Processor reset is completed for 'ps7_cortexa9_0'.
14:26:00 INFO  : Context for processor 'ps7_cortexa9_0' is selected.
14:26:00 INFO  : The application 'C:/Users/user/Desktop/SoC/20240109Final/Final.sdk/Final/Debug/Final.elf' is downloaded to processor 'ps7_cortexa9_0'.
14:26:00 INFO  : 'configparams force-mem-access 0' command is executed.
14:26:00 INFO  : ----------------XSDB Script----------------
connect -url tcp:127.0.0.1:3121
source C:/Users/user/Desktop/SoC/20240109Final/Final.sdk/design_1_wrapper_hw_platform_0/ps7_init.tcl
targets -set -nocase -filter {name =~"APU*" && jtag_cable_name =~ "Xilinx TUL 1234-tulA"} -index 0
loadhw -hw C:/Users/user/Desktop/SoC/20240109Final/Final.sdk/design_1_wrapper_hw_platform_0/system.hdf -mem-ranges [list {0x40000000 0xbfffffff}]
configparams force-mem-access 1
targets -set -nocase -filter {name =~"APU*" && jtag_cable_name =~ "Xilinx TUL 1234-tulA"} -index 0
stop
ps7_init
ps7_post_config
targets -set -nocase -filter {name =~ "ARM*#0" && jtag_cable_name =~ "Xilinx TUL 1234-tulA"} -index 0
rst -processor
targets -set -nocase -filter {name =~ "ARM*#0" && jtag_cable_name =~ "Xilinx TUL 1234-tulA"} -index 0
dow C:/Users/user/Desktop/SoC/20240109Final/Final.sdk/Final/Debug/Final.elf
configparams force-mem-access 0
----------------End of Script----------------

14:26:00 INFO  : Memory regions updated for context APU
14:26:00 INFO  : Context for processor 'ps7_cortexa9_0' is selected.
14:26:00 INFO  : 'con' command is executed.
14:26:00 INFO  : ----------------XSDB Script (After Launch)----------------
targets -set -nocase -filter {name =~ "ARM*#0" && jtag_cable_name =~ "Xilinx TUL 1234-tulA"} -index 0
con
----------------End of Script----------------

14:26:00 INFO  : Launch script is exported to file 'C:\Users\user\Desktop\SoC\20240109Final\Final.sdk\.sdk\launch_scripts\xilinx_c-c++_application_(system_debugger)\system_debugger_using_debug_final.elf_on_local.tcl'
14:57:04 INFO  : Connected to target on host '127.0.0.1' and port '3121'.
14:57:04 INFO  : 'targets -set -filter {jtag_cable_name =~ "Xilinx TUL 1234-tulA" && level==0} -index 1' command is executed.
14:57:06 INFO  : FPGA configured successfully with bitstream "C:/Users/user/Desktop/SoC/20240109Final/Final.sdk/design_1_wrapper_hw_platform_0/design_1_wrapper.bit"
14:57:13 INFO  : Disconnected from the channel tcfchan#1.
14:57:14 INFO  : 'targets -set -filter {jtag_cable_name =~ "Xilinx TUL 1234-tulA" && level==0} -index 1' command is executed.
14:57:14 INFO  : 'fpga -state' command is executed.
14:57:14 INFO  : Connected to target on host '127.0.0.1' and port '3121'.
14:57:14 INFO  : Jtag cable 'Xilinx TUL 1234-tulA' is selected.
14:57:14 INFO  : 'jtag frequency' command is executed.
14:57:14 INFO  : Sourcing of 'C:/Users/user/Desktop/SoC/20240109Final/Final.sdk/design_1_wrapper_hw_platform_0/ps7_init.tcl' is done.
14:57:14 INFO  : Context for 'APU' is selected.
14:57:15 INFO  : Hardware design information is loaded from 'C:/Users/user/Desktop/SoC/20240109Final/Final.sdk/design_1_wrapper_hw_platform_0/system.hdf'.
14:57:15 INFO  : 'configparams force-mem-access 1' command is executed.
14:57:16 INFO  : Context for 'APU' is selected.
14:57:16 INFO  : 'stop' command is executed.
14:57:16 INFO  : 'ps7_init' command is executed.
14:57:16 INFO  : 'ps7_post_config' command is executed.
14:57:16 INFO  : Context for processor 'ps7_cortexa9_0' is selected.
14:57:16 INFO  : Processor reset is completed for 'ps7_cortexa9_0'.
14:57:16 INFO  : Context for processor 'ps7_cortexa9_0' is selected.
14:57:16 INFO  : The application 'C:/Users/user/Desktop/SoC/20240109Final/Final.sdk/Final/Debug/Final.elf' is downloaded to processor 'ps7_cortexa9_0'.
14:57:16 INFO  : 'configparams force-mem-access 0' command is executed.
14:57:16 INFO  : ----------------XSDB Script----------------
connect -url tcp:127.0.0.1:3121
source C:/Users/user/Desktop/SoC/20240109Final/Final.sdk/design_1_wrapper_hw_platform_0/ps7_init.tcl
targets -set -nocase -filter {name =~"APU*" && jtag_cable_name =~ "Xilinx TUL 1234-tulA"} -index 0
loadhw -hw C:/Users/user/Desktop/SoC/20240109Final/Final.sdk/design_1_wrapper_hw_platform_0/system.hdf -mem-ranges [list {0x40000000 0xbfffffff}]
configparams force-mem-access 1
targets -set -nocase -filter {name =~"APU*" && jtag_cable_name =~ "Xilinx TUL 1234-tulA"} -index 0
stop
ps7_init
ps7_post_config
targets -set -nocase -filter {name =~ "ARM*#0" && jtag_cable_name =~ "Xilinx TUL 1234-tulA"} -index 0
rst -processor
targets -set -nocase -filter {name =~ "ARM*#0" && jtag_cable_name =~ "Xilinx TUL 1234-tulA"} -index 0
dow C:/Users/user/Desktop/SoC/20240109Final/Final.sdk/Final/Debug/Final.elf
configparams force-mem-access 0
----------------End of Script----------------

14:57:16 INFO  : Memory regions updated for context APU
14:57:16 INFO  : Context for processor 'ps7_cortexa9_0' is selected.
14:57:16 INFO  : 'con' command is executed.
14:57:16 INFO  : ----------------XSDB Script (After Launch)----------------
targets -set -nocase -filter {name =~ "ARM*#0" && jtag_cable_name =~ "Xilinx TUL 1234-tulA"} -index 0
con
----------------End of Script----------------

14:57:16 INFO  : Launch script is exported to file 'C:\Users\user\Desktop\SoC\20240109Final\Final.sdk\.sdk\launch_scripts\xilinx_c-c++_application_(system_debugger)\system_debugger_using_debug_final.elf_on_local.tcl'
14:58:15 INFO  : Disconnected from the channel tcfchan#2.
14:58:16 INFO  : 'targets -set -filter {jtag_cable_name =~ "Xilinx TUL 1234-tulA" && level==0} -index 1' command is executed.
14:58:16 INFO  : 'fpga -state' command is executed.
14:58:16 INFO  : Connected to target on host '127.0.0.1' and port '3121'.
14:58:16 INFO  : Jtag cable 'Xilinx TUL 1234-tulA' is selected.
14:58:16 INFO  : 'jtag frequency' command is executed.
14:58:16 INFO  : Sourcing of 'C:/Users/user/Desktop/SoC/20240109Final/Final.sdk/design_1_wrapper_hw_platform_0/ps7_init.tcl' is done.
14:58:16 INFO  : Context for 'APU' is selected.
14:58:16 INFO  : Hardware design information is loaded from 'C:/Users/user/Desktop/SoC/20240109Final/Final.sdk/design_1_wrapper_hw_platform_0/system.hdf'.
14:58:16 INFO  : 'configparams force-mem-access 1' command is executed.
14:58:16 INFO  : Context for 'APU' is selected.
14:58:16 INFO  : 'stop' command is executed.
14:58:16 INFO  : 'ps7_init' command is executed.
14:58:16 INFO  : 'ps7_post_config' command is executed.
14:58:16 INFO  : Context for processor 'ps7_cortexa9_0' is selected.
14:58:16 INFO  : Processor reset is completed for 'ps7_cortexa9_0'.
14:58:16 INFO  : Context for processor 'ps7_cortexa9_0' is selected.
14:58:16 INFO  : The application 'C:/Users/user/Desktop/SoC/20240109Final/Final.sdk/Final/Debug/Final.elf' is downloaded to processor 'ps7_cortexa9_0'.
14:58:16 INFO  : 'configparams force-mem-access 0' command is executed.
14:58:16 INFO  : ----------------XSDB Script----------------
connect -url tcp:127.0.0.1:3121
source C:/Users/user/Desktop/SoC/20240109Final/Final.sdk/design_1_wrapper_hw_platform_0/ps7_init.tcl
targets -set -nocase -filter {name =~"APU*" && jtag_cable_name =~ "Xilinx TUL 1234-tulA"} -index 0
loadhw -hw C:/Users/user/Desktop/SoC/20240109Final/Final.sdk/design_1_wrapper_hw_platform_0/system.hdf -mem-ranges [list {0x40000000 0xbfffffff}]
configparams force-mem-access 1
targets -set -nocase -filter {name =~"APU*" && jtag_cable_name =~ "Xilinx TUL 1234-tulA"} -index 0
stop
ps7_init
ps7_post_config
targets -set -nocase -filter {name =~ "ARM*#0" && jtag_cable_name =~ "Xilinx TUL 1234-tulA"} -index 0
rst -processor
targets -set -nocase -filter {name =~ "ARM*#0" && jtag_cable_name =~ "Xilinx TUL 1234-tulA"} -index 0
dow C:/Users/user/Desktop/SoC/20240109Final/Final.sdk/Final/Debug/Final.elf
configparams force-mem-access 0
----------------End of Script----------------

14:58:16 INFO  : Memory regions updated for context APU
14:58:16 INFO  : Context for processor 'ps7_cortexa9_0' is selected.
14:58:16 INFO  : 'con' command is executed.
14:58:16 INFO  : ----------------XSDB Script (After Launch)----------------
targets -set -nocase -filter {name =~ "ARM*#0" && jtag_cable_name =~ "Xilinx TUL 1234-tulA"} -index 0
con
----------------End of Script----------------

14:58:16 INFO  : Launch script is exported to file 'C:\Users\user\Desktop\SoC\20240109Final\Final.sdk\.sdk\launch_scripts\xilinx_c-c++_application_(system_debugger)\system_debugger_using_debug_final.elf_on_local.tcl'
14:59:14 INFO  : Disconnected from the channel tcfchan#3.
14:59:15 INFO  : 'targets -set -filter {jtag_cable_name =~ "Xilinx TUL 1234-tulA" && level==0} -index 1' command is executed.
14:59:15 INFO  : 'fpga -state' command is executed.
14:59:15 INFO  : Connected to target on host '127.0.0.1' and port '3121'.
14:59:15 INFO  : Jtag cable 'Xilinx TUL 1234-tulA' is selected.
14:59:15 INFO  : 'jtag frequency' command is executed.
14:59:15 INFO  : Sourcing of 'C:/Users/user/Desktop/SoC/20240109Final/Final.sdk/design_1_wrapper_hw_platform_0/ps7_init.tcl' is done.
14:59:15 INFO  : Context for 'APU' is selected.
14:59:15 INFO  : Hardware design information is loaded from 'C:/Users/user/Desktop/SoC/20240109Final/Final.sdk/design_1_wrapper_hw_platform_0/system.hdf'.
14:59:15 INFO  : 'configparams force-mem-access 1' command is executed.
14:59:15 INFO  : Context for 'APU' is selected.
14:59:15 INFO  : 'stop' command is executed.
14:59:15 INFO  : 'ps7_init' command is executed.
14:59:15 INFO  : 'ps7_post_config' command is executed.
14:59:16 INFO  : Context for processor 'ps7_cortexa9_0' is selected.
14:59:16 INFO  : Processor reset is completed for 'ps7_cortexa9_0'.
14:59:16 INFO  : Context for processor 'ps7_cortexa9_0' is selected.
14:59:16 INFO  : The application 'C:/Users/user/Desktop/SoC/20240109Final/Final.sdk/Final/Debug/Final.elf' is downloaded to processor 'ps7_cortexa9_0'.
14:59:16 INFO  : 'configparams force-mem-access 0' command is executed.
14:59:16 INFO  : ----------------XSDB Script----------------
connect -url tcp:127.0.0.1:3121
source C:/Users/user/Desktop/SoC/20240109Final/Final.sdk/design_1_wrapper_hw_platform_0/ps7_init.tcl
targets -set -nocase -filter {name =~"APU*" && jtag_cable_name =~ "Xilinx TUL 1234-tulA"} -index 0
loadhw -hw C:/Users/user/Desktop/SoC/20240109Final/Final.sdk/design_1_wrapper_hw_platform_0/system.hdf -mem-ranges [list {0x40000000 0xbfffffff}]
configparams force-mem-access 1
targets -set -nocase -filter {name =~"APU*" && jtag_cable_name =~ "Xilinx TUL 1234-tulA"} -index 0
stop
ps7_init
ps7_post_config
targets -set -nocase -filter {name =~ "ARM*#0" && jtag_cable_name =~ "Xilinx TUL 1234-tulA"} -index 0
rst -processor
targets -set -nocase -filter {name =~ "ARM*#0" && jtag_cable_name =~ "Xilinx TUL 1234-tulA"} -index 0
dow C:/Users/user/Desktop/SoC/20240109Final/Final.sdk/Final/Debug/Final.elf
configparams force-mem-access 0
----------------End of Script----------------

14:59:16 INFO  : Memory regions updated for context APU
14:59:16 INFO  : Context for processor 'ps7_cortexa9_0' is selected.
14:59:16 INFO  : 'con' command is executed.
14:59:16 INFO  : ----------------XSDB Script (After Launch)----------------
targets -set -nocase -filter {name =~ "ARM*#0" && jtag_cable_name =~ "Xilinx TUL 1234-tulA"} -index 0
con
----------------End of Script----------------

14:59:16 INFO  : Launch script is exported to file 'C:\Users\user\Desktop\SoC\20240109Final\Final.sdk\.sdk\launch_scripts\xilinx_c-c++_application_(system_debugger)\system_debugger_using_debug_final.elf_on_local.tcl'
15:00:30 INFO  : Disconnected from the channel tcfchan#4.
15:00:31 INFO  : 'targets -set -filter {jtag_cable_name =~ "Xilinx TUL 1234-tulA" && level==0} -index 1' command is executed.
15:00:31 INFO  : 'fpga -state' command is executed.
15:00:31 INFO  : Connected to target on host '127.0.0.1' and port '3121'.
15:00:31 INFO  : Jtag cable 'Xilinx TUL 1234-tulA' is selected.
15:00:31 INFO  : 'jtag frequency' command is executed.
15:00:31 INFO  : Sourcing of 'C:/Users/user/Desktop/SoC/20240109Final/Final.sdk/design_1_wrapper_hw_platform_0/ps7_init.tcl' is done.
15:00:31 INFO  : Context for 'APU' is selected.
15:00:31 INFO  : Hardware design information is loaded from 'C:/Users/user/Desktop/SoC/20240109Final/Final.sdk/design_1_wrapper_hw_platform_0/system.hdf'.
15:00:31 INFO  : 'configparams force-mem-access 1' command is executed.
15:00:31 INFO  : Context for 'APU' is selected.
15:00:31 INFO  : 'stop' command is executed.
15:00:32 INFO  : 'ps7_init' command is executed.
15:00:32 INFO  : 'ps7_post_config' command is executed.
15:00:32 INFO  : Context for processor 'ps7_cortexa9_0' is selected.
15:00:32 INFO  : Processor reset is completed for 'ps7_cortexa9_0'.
15:00:32 INFO  : Context for processor 'ps7_cortexa9_0' is selected.
15:00:32 INFO  : The application 'C:/Users/user/Desktop/SoC/20240109Final/Final.sdk/Final/Debug/Final.elf' is downloaded to processor 'ps7_cortexa9_0'.
15:00:32 INFO  : 'configparams force-mem-access 0' command is executed.
15:00:32 INFO  : ----------------XSDB Script----------------
connect -url tcp:127.0.0.1:3121
source C:/Users/user/Desktop/SoC/20240109Final/Final.sdk/design_1_wrapper_hw_platform_0/ps7_init.tcl
targets -set -nocase -filter {name =~"APU*" && jtag_cable_name =~ "Xilinx TUL 1234-tulA"} -index 0
loadhw -hw C:/Users/user/Desktop/SoC/20240109Final/Final.sdk/design_1_wrapper_hw_platform_0/system.hdf -mem-ranges [list {0x40000000 0xbfffffff}]
configparams force-mem-access 1
targets -set -nocase -filter {name =~"APU*" && jtag_cable_name =~ "Xilinx TUL 1234-tulA"} -index 0
stop
ps7_init
ps7_post_config
targets -set -nocase -filter {name =~ "ARM*#0" && jtag_cable_name =~ "Xilinx TUL 1234-tulA"} -index 0
rst -processor
targets -set -nocase -filter {name =~ "ARM*#0" && jtag_cable_name =~ "Xilinx TUL 1234-tulA"} -index 0
dow C:/Users/user/Desktop/SoC/20240109Final/Final.sdk/Final/Debug/Final.elf
configparams force-mem-access 0
----------------End of Script----------------

15:00:32 INFO  : Memory regions updated for context APU
15:00:32 INFO  : Context for processor 'ps7_cortexa9_0' is selected.
15:00:32 INFO  : 'con' command is executed.
15:00:32 INFO  : ----------------XSDB Script (After Launch)----------------
targets -set -nocase -filter {name =~ "ARM*#0" && jtag_cable_name =~ "Xilinx TUL 1234-tulA"} -index 0
con
----------------End of Script----------------

15:00:32 INFO  : Launch script is exported to file 'C:\Users\user\Desktop\SoC\20240109Final\Final.sdk\.sdk\launch_scripts\xilinx_c-c++_application_(system_debugger)\system_debugger_using_debug_final.elf_on_local.tcl'
15:02:23 INFO  : Disconnected from the channel tcfchan#5.
15:02:24 INFO  : 'targets -set -filter {jtag_cable_name =~ "Xilinx TUL 1234-tulA" && level==0} -index 1' command is executed.
15:02:24 INFO  : 'fpga -state' command is executed.
15:02:24 INFO  : Connected to target on host '127.0.0.1' and port '3121'.
15:02:24 INFO  : Jtag cable 'Xilinx TUL 1234-tulA' is selected.
15:02:24 INFO  : 'jtag frequency' command is executed.
15:02:24 INFO  : Sourcing of 'C:/Users/user/Desktop/SoC/20240109Final/Final.sdk/design_1_wrapper_hw_platform_0/ps7_init.tcl' is done.
15:02:24 INFO  : Context for 'APU' is selected.
15:02:24 INFO  : Hardware design information is loaded from 'C:/Users/user/Desktop/SoC/20240109Final/Final.sdk/design_1_wrapper_hw_platform_0/system.hdf'.
15:02:24 INFO  : 'configparams force-mem-access 1' command is executed.
15:02:24 INFO  : Context for 'APU' is selected.
15:02:24 INFO  : 'stop' command is executed.
15:02:24 INFO  : 'ps7_init' command is executed.
15:02:24 INFO  : 'ps7_post_config' command is executed.
15:02:24 INFO  : Context for processor 'ps7_cortexa9_0' is selected.
15:02:24 INFO  : Processor reset is completed for 'ps7_cortexa9_0'.
15:02:24 INFO  : Context for processor 'ps7_cortexa9_0' is selected.
15:02:24 INFO  : The application 'C:/Users/user/Desktop/SoC/20240109Final/Final.sdk/Final/Debug/Final.elf' is downloaded to processor 'ps7_cortexa9_0'.
15:02:24 INFO  : 'configparams force-mem-access 0' command is executed.
15:02:24 INFO  : ----------------XSDB Script----------------
connect -url tcp:127.0.0.1:3121
source C:/Users/user/Desktop/SoC/20240109Final/Final.sdk/design_1_wrapper_hw_platform_0/ps7_init.tcl
targets -set -nocase -filter {name =~"APU*" && jtag_cable_name =~ "Xilinx TUL 1234-tulA"} -index 0
loadhw -hw C:/Users/user/Desktop/SoC/20240109Final/Final.sdk/design_1_wrapper_hw_platform_0/system.hdf -mem-ranges [list {0x40000000 0xbfffffff}]
configparams force-mem-access 1
targets -set -nocase -filter {name =~"APU*" && jtag_cable_name =~ "Xilinx TUL 1234-tulA"} -index 0
stop
ps7_init
ps7_post_config
targets -set -nocase -filter {name =~ "ARM*#0" && jtag_cable_name =~ "Xilinx TUL 1234-tulA"} -index 0
rst -processor
targets -set -nocase -filter {name =~ "ARM*#0" && jtag_cable_name =~ "Xilinx TUL 1234-tulA"} -index 0
dow C:/Users/user/Desktop/SoC/20240109Final/Final.sdk/Final/Debug/Final.elf
configparams force-mem-access 0
----------------End of Script----------------

15:02:24 INFO  : Memory regions updated for context APU
15:02:24 INFO  : Context for processor 'ps7_cortexa9_0' is selected.
15:02:24 INFO  : 'con' command is executed.
15:02:24 INFO  : ----------------XSDB Script (After Launch)----------------
targets -set -nocase -filter {name =~ "ARM*#0" && jtag_cable_name =~ "Xilinx TUL 1234-tulA"} -index 0
con
----------------End of Script----------------

15:02:24 INFO  : Launch script is exported to file 'C:\Users\user\Desktop\SoC\20240109Final\Final.sdk\.sdk\launch_scripts\xilinx_c-c++_application_(system_debugger)\system_debugger_using_debug_final.elf_on_local.tcl'
15:04:53 INFO  : Disconnected from the channel tcfchan#6.
15:57:23 INFO  : Registering command handlers for SDK TCF services
15:57:23 INFO  : Launching XSCT server: xsct.bat -interactive C:\Users\user\Desktop\SoC\20240109-1Final\Final.sdk\temp_xsdb_launch_script.tcl
15:57:24 INFO  : XSCT server has started successfully.
15:57:25 INFO  : Successfully done setting XSCT server connection channel  
15:57:25 INFO  : Successfully done setting SDK workspace  
15:57:25 INFO  : Processing command line option -hwspec C:/Users/user/Desktop/SoC/20240109-1Final/Final.sdk/design_1_wrapper.hdf.
15:59:05 INFO  : 'targets -set -filter {jtag_cable_name =~ "Xilinx TUL 1234-tulA" && level==0} -index 1' command is executed.
15:59:05 INFO  : 'fpga -state' command is executed.
15:59:05 INFO  : Connected to target on host '127.0.0.1' and port '3121'.
15:59:05 INFO  : Jtag cable 'Xilinx TUL 1234-tulA' is selected.
15:59:06 INFO  : 'jtag frequency' command is executed.
15:59:06 INFO  : Sourcing of 'C:/Users/user/Desktop/SoC/20240109-1Final/Final.sdk/design_1_wrapper_hw_platform_0/ps7_init.tcl' is done.
15:59:06 INFO  : Context for 'APU' is selected.
15:59:06 INFO  : Hardware design information is loaded from 'C:/Users/user/Desktop/SoC/20240109-1Final/Final.sdk/design_1_wrapper_hw_platform_0/system.hdf'.
15:59:06 INFO  : 'configparams force-mem-access 1' command is executed.
15:59:06 INFO  : Context for 'APU' is selected.
15:59:06 INFO  : 'stop' command is executed.
15:59:06 INFO  : 'ps7_init' command is executed.
15:59:06 INFO  : 'ps7_post_config' command is executed.
15:59:06 INFO  : Context for processor 'ps7_cortexa9_0' is selected.
15:59:06 INFO  : Processor reset is completed for 'ps7_cortexa9_0'.
15:59:06 INFO  : Context for processor 'ps7_cortexa9_0' is selected.
15:59:06 INFO  : The application 'C:/Users/user/Desktop/SoC/20240109-1Final/Final.sdk/Final/Debug/Final.elf' is downloaded to processor 'ps7_cortexa9_0'.
15:59:06 INFO  : 'configparams force-mem-access 0' command is executed.
15:59:06 INFO  : ----------------XSDB Script----------------
connect -url tcp:127.0.0.1:3121
source C:/Users/user/Desktop/SoC/20240109-1Final/Final.sdk/design_1_wrapper_hw_platform_0/ps7_init.tcl
targets -set -nocase -filter {name =~"APU*" && jtag_cable_name =~ "Xilinx TUL 1234-tulA"} -index 0
loadhw -hw C:/Users/user/Desktop/SoC/20240109-1Final/Final.sdk/design_1_wrapper_hw_platform_0/system.hdf -mem-ranges [list {0x40000000 0xbfffffff}]
configparams force-mem-access 1
targets -set -nocase -filter {name =~"APU*" && jtag_cable_name =~ "Xilinx TUL 1234-tulA"} -index 0
stop
ps7_init
ps7_post_config
targets -set -nocase -filter {name =~ "ARM*#0" && jtag_cable_name =~ "Xilinx TUL 1234-tulA"} -index 0
rst -processor
targets -set -nocase -filter {name =~ "ARM*#0" && jtag_cable_name =~ "Xilinx TUL 1234-tulA"} -index 0
dow C:/Users/user/Desktop/SoC/20240109-1Final/Final.sdk/Final/Debug/Final.elf
configparams force-mem-access 0
----------------End of Script----------------

15:59:06 INFO  : Memory regions updated for context APU
15:59:06 INFO  : Context for processor 'ps7_cortexa9_0' is selected.
15:59:06 INFO  : 'con' command is executed.
15:59:06 INFO  : ----------------XSDB Script (After Launch)----------------
targets -set -nocase -filter {name =~ "ARM*#0" && jtag_cable_name =~ "Xilinx TUL 1234-tulA"} -index 0
con
----------------End of Script----------------

15:59:06 INFO  : Launch script is exported to file 'C:\Users\user\Desktop\SoC\20240109-1Final\Final.sdk\.sdk\launch_scripts\xilinx_c-c++_application_(system_debugger)\system_debugger_using_debug_final.elf_on_local.tcl'
16:10:14 INFO  : Disconnected from the channel tcfchan#1.
16:51:04 INFO  : Registering command handlers for SDK TCF services
16:51:04 INFO  : Launching XSCT server: xsct.bat -interactive C:\Users\user\Desktop\SoC\20240109-2Final\Final.sdk\temp_xsdb_launch_script.tcl
16:51:06 INFO  : XSCT server has started successfully.
16:51:06 INFO  : Successfully done setting XSCT server connection channel  
16:51:06 INFO  : Successfully done setting SDK workspace  
16:51:06 INFO  : Processing command line option -hwspec C:/Users/user/Desktop/SoC/20240109-2Final/Final.sdk/design_1_wrapper.hdf.
16:52:53 INFO  : 'targets -set -filter {jtag_cable_name =~ "Xilinx TUL 1234-tulA" && level==0} -index 1' command is executed.
16:52:53 INFO  : 'fpga -state' command is executed.
16:52:53 INFO  : Connected to target on host '127.0.0.1' and port '3121'.
16:52:54 INFO  : Jtag cable 'Xilinx TUL 1234-tulA' is selected.
16:52:54 INFO  : 'jtag frequency' command is executed.
16:52:54 INFO  : Sourcing of 'C:/Users/user/Desktop/SoC/20240109-2Final/Final.sdk/design_1_wrapper_hw_platform_0/ps7_init.tcl' is done.
16:52:54 INFO  : Context for 'APU' is selected.
16:52:54 INFO  : Hardware design information is loaded from 'C:/Users/user/Desktop/SoC/20240109-2Final/Final.sdk/design_1_wrapper_hw_platform_0/system.hdf'.
16:52:54 INFO  : 'configparams force-mem-access 1' command is executed.
16:52:54 INFO  : Context for 'APU' is selected.
16:52:54 INFO  : 'stop' command is executed.
16:52:54 INFO  : 'ps7_init' command is executed.
16:52:54 INFO  : 'ps7_post_config' command is executed.
16:52:54 INFO  : Context for processor 'ps7_cortexa9_0' is selected.
16:52:54 INFO  : Processor reset is completed for 'ps7_cortexa9_0'.
16:52:54 INFO  : Context for processor 'ps7_cortexa9_0' is selected.
16:52:54 INFO  : The application 'C:/Users/user/Desktop/SoC/20240109-2Final/Final.sdk/Final/Debug/Final.elf' is downloaded to processor 'ps7_cortexa9_0'.
16:52:54 INFO  : 'configparams force-mem-access 0' command is executed.
16:52:54 INFO  : ----------------XSDB Script----------------
connect -url tcp:127.0.0.1:3121
source C:/Users/user/Desktop/SoC/20240109-2Final/Final.sdk/design_1_wrapper_hw_platform_0/ps7_init.tcl
targets -set -nocase -filter {name =~"APU*" && jtag_cable_name =~ "Xilinx TUL 1234-tulA"} -index 0
loadhw -hw C:/Users/user/Desktop/SoC/20240109-2Final/Final.sdk/design_1_wrapper_hw_platform_0/system.hdf -mem-ranges [list {0x40000000 0xbfffffff}]
configparams force-mem-access 1
targets -set -nocase -filter {name =~"APU*" && jtag_cable_name =~ "Xilinx TUL 1234-tulA"} -index 0
stop
ps7_init
ps7_post_config
targets -set -nocase -filter {name =~ "ARM*#0" && jtag_cable_name =~ "Xilinx TUL 1234-tulA"} -index 0
rst -processor
targets -set -nocase -filter {name =~ "ARM*#0" && jtag_cable_name =~ "Xilinx TUL 1234-tulA"} -index 0
dow C:/Users/user/Desktop/SoC/20240109-2Final/Final.sdk/Final/Debug/Final.elf
configparams force-mem-access 0
----------------End of Script----------------

16:52:54 INFO  : Memory regions updated for context APU
16:52:54 INFO  : Context for processor 'ps7_cortexa9_0' is selected.
16:52:54 INFO  : 'con' command is executed.
16:52:54 INFO  : ----------------XSDB Script (After Launch)----------------
targets -set -nocase -filter {name =~ "ARM*#0" && jtag_cable_name =~ "Xilinx TUL 1234-tulA"} -index 0
con
----------------End of Script----------------

16:52:54 INFO  : Launch script is exported to file 'C:\Users\user\Desktop\SoC\20240109-2Final\Final.sdk\.sdk\launch_scripts\xilinx_c-c++_application_(system_debugger)\system_debugger_using_debug_final.elf_on_local.tcl'
17:06:21 INFO  : Disconnected from the channel tcfchan#1.
10:42:20 INFO  : Registering command handlers for SDK TCF services
10:42:21 INFO  : Launching XSCT server: xsct.bat -interactive C:\Users\user\Desktop\SoC\20240109-3Final\Final.sdk\temp_xsdb_launch_script.tcl
10:42:23 INFO  : XSCT server has started successfully.
10:42:25 INFO  : Successfully done setting XSCT server connection channel  
10:42:25 INFO  : Processing command line option -hwspec C:/Users/user/Desktop/SoC/20240109-3Final/Final.sdk/design_1_wrapper.hdf.
10:42:28 INFO  : Successfully done setting SDK workspace  
10:42:35 INFO  : Connected to target on host '127.0.0.1' and port '3121'.
10:42:35 INFO  : 'targets -set -filter {jtag_cable_name =~ "Xilinx TUL 1234-tulA" && level==0} -index 1' command is executed.
10:42:38 INFO  : FPGA configured successfully with bitstream "C:/Users/user/Desktop/SoC/20240109-3Final/Final.sdk/design_1_wrapper_hw_platform_0/design_1_wrapper.bit"
10:42:47 INFO  : 'targets -set -filter {jtag_cable_name =~ "Xilinx TUL 1234-tulA" && level==0} -index 1' command is executed.
10:42:47 INFO  : 'fpga -state' command is executed.
10:42:47 INFO  : Connected to target on host '127.0.0.1' and port '3121'.
10:42:47 INFO  : Jtag cable 'Xilinx TUL 1234-tulA' is selected.
10:42:47 INFO  : 'jtag frequency' command is executed.
10:42:47 INFO  : Sourcing of 'C:/Users/user/Desktop/SoC/20240109-3Final/Final.sdk/design_1_wrapper_hw_platform_0/ps7_init.tcl' is done.
10:42:47 INFO  : Context for 'APU' is selected.
10:42:47 INFO  : Hardware design information is loaded from 'C:/Users/user/Desktop/SoC/20240109-3Final/Final.sdk/design_1_wrapper_hw_platform_0/system.hdf'.
10:42:47 INFO  : 'configparams force-mem-access 1' command is executed.
10:42:47 INFO  : Context for 'APU' is selected.
10:42:47 INFO  : 'stop' command is executed.
10:42:47 INFO  : 'ps7_init' command is executed.
10:42:47 INFO  : 'ps7_post_config' command is executed.
10:42:47 INFO  : Context for processor 'ps7_cortexa9_0' is selected.
10:42:47 INFO  : Processor reset is completed for 'ps7_cortexa9_0'.
10:42:47 INFO  : Context for processor 'ps7_cortexa9_0' is selected.
10:42:47 INFO  : The application 'C:/Users/user/Desktop/SoC/20240109-3Final/Final.sdk/Final/Debug/Final.elf' is downloaded to processor 'ps7_cortexa9_0'.
10:42:47 INFO  : 'configparams force-mem-access 0' command is executed.
10:42:47 INFO  : ----------------XSDB Script----------------
connect -url tcp:127.0.0.1:3121
source C:/Users/user/Desktop/SoC/20240109-3Final/Final.sdk/design_1_wrapper_hw_platform_0/ps7_init.tcl
targets -set -nocase -filter {name =~"APU*" && jtag_cable_name =~ "Xilinx TUL 1234-tulA"} -index 0
loadhw -hw C:/Users/user/Desktop/SoC/20240109-3Final/Final.sdk/design_1_wrapper_hw_platform_0/system.hdf -mem-ranges [list {0x40000000 0xbfffffff}]
configparams force-mem-access 1
targets -set -nocase -filter {name =~"APU*" && jtag_cable_name =~ "Xilinx TUL 1234-tulA"} -index 0
stop
ps7_init
ps7_post_config
targets -set -nocase -filter {name =~ "ARM*#0" && jtag_cable_name =~ "Xilinx TUL 1234-tulA"} -index 0
rst -processor
targets -set -nocase -filter {name =~ "ARM*#0" && jtag_cable_name =~ "Xilinx TUL 1234-tulA"} -index 0
dow C:/Users/user/Desktop/SoC/20240109-3Final/Final.sdk/Final/Debug/Final.elf
configparams force-mem-access 0
----------------End of Script----------------

10:42:47 INFO  : Memory regions updated for context APU
10:42:48 INFO  : Context for processor 'ps7_cortexa9_0' is selected.
10:42:48 INFO  : 'con' command is executed.
10:42:48 INFO  : ----------------XSDB Script (After Launch)----------------
targets -set -nocase -filter {name =~ "ARM*#0" && jtag_cable_name =~ "Xilinx TUL 1234-tulA"} -index 0
con
----------------End of Script----------------

10:42:48 INFO  : Launch script is exported to file 'C:\Users\user\Desktop\SoC\20240109-3Final\Final.sdk\.sdk\launch_scripts\xilinx_c-c++_application_(system_debugger)\system_debugger_using_debug_final.elf_on_local.tcl'
10:44:13 INFO  : Disconnected from the channel tcfchan#1.
10:44:15 INFO  : 'targets -set -filter {jtag_cable_name =~ "Xilinx TUL 1234-tulA" && level==0} -index 1' command is executed.
10:44:15 INFO  : 'fpga -state' command is executed.
10:44:15 INFO  : Connected to target on host '127.0.0.1' and port '3121'.
10:44:15 INFO  : Jtag cable 'Xilinx TUL 1234-tulA' is selected.
10:44:15 INFO  : 'jtag frequency' command is executed.
10:44:15 INFO  : Sourcing of 'C:/Users/user/Desktop/SoC/20240109-3Final/Final.sdk/design_1_wrapper_hw_platform_0/ps7_init.tcl' is done.
10:44:15 INFO  : Context for 'APU' is selected.
10:44:16 INFO  : Hardware design information is loaded from 'C:/Users/user/Desktop/SoC/20240109-3Final/Final.sdk/design_1_wrapper_hw_platform_0/system.hdf'.
10:44:16 INFO  : 'configparams force-mem-access 1' command is executed.
10:44:16 INFO  : Context for 'APU' is selected.
10:44:16 INFO  : 'stop' command is executed.
10:44:16 INFO  : 'ps7_init' command is executed.
10:44:16 INFO  : 'ps7_post_config' command is executed.
10:44:16 INFO  : Context for processor 'ps7_cortexa9_0' is selected.
10:44:16 INFO  : Processor reset is completed for 'ps7_cortexa9_0'.
10:44:16 INFO  : Context for processor 'ps7_cortexa9_0' is selected.
10:44:17 INFO  : The application 'C:/Users/user/Desktop/SoC/20240109-3Final/Final.sdk/Final/Debug/Final.elf' is downloaded to processor 'ps7_cortexa9_0'.
10:44:17 INFO  : 'configparams force-mem-access 0' command is executed.
10:44:17 INFO  : ----------------XSDB Script----------------
connect -url tcp:127.0.0.1:3121
source C:/Users/user/Desktop/SoC/20240109-3Final/Final.sdk/design_1_wrapper_hw_platform_0/ps7_init.tcl
targets -set -nocase -filter {name =~"APU*" && jtag_cable_name =~ "Xilinx TUL 1234-tulA"} -index 0
loadhw -hw C:/Users/user/Desktop/SoC/20240109-3Final/Final.sdk/design_1_wrapper_hw_platform_0/system.hdf -mem-ranges [list {0x40000000 0xbfffffff}]
configparams force-mem-access 1
targets -set -nocase -filter {name =~"APU*" && jtag_cable_name =~ "Xilinx TUL 1234-tulA"} -index 0
stop
ps7_init
ps7_post_config
targets -set -nocase -filter {name =~ "ARM*#0" && jtag_cable_name =~ "Xilinx TUL 1234-tulA"} -index 0
rst -processor
targets -set -nocase -filter {name =~ "ARM*#0" && jtag_cable_name =~ "Xilinx TUL 1234-tulA"} -index 0
dow C:/Users/user/Desktop/SoC/20240109-3Final/Final.sdk/Final/Debug/Final.elf
configparams force-mem-access 0
----------------End of Script----------------

10:44:17 INFO  : Memory regions updated for context APU
10:44:17 INFO  : Context for processor 'ps7_cortexa9_0' is selected.
10:44:17 INFO  : 'con' command is executed.
10:44:17 INFO  : ----------------XSDB Script (After Launch)----------------
targets -set -nocase -filter {name =~ "ARM*#0" && jtag_cable_name =~ "Xilinx TUL 1234-tulA"} -index 0
con
----------------End of Script----------------

10:44:17 INFO  : Launch script is exported to file 'C:\Users\user\Desktop\SoC\20240109-3Final\Final.sdk\.sdk\launch_scripts\xilinx_c-c++_application_(system_debugger)\system_debugger_using_debug_final.elf_on_local.tcl'
14:53:41 INFO  : Disconnected from the channel tcfchan#2.
17:03:57 INFO  : Registering command handlers for SDK TCF services
17:03:57 INFO  : Launching XSCT server: xsct.bat -interactive C:\Users\user\Desktop\SoC\20240109-3Final\Final.sdk\temp_xsdb_launch_script.tcl
17:03:59 INFO  : XSCT server has started successfully.
17:03:59 INFO  : Successfully done setting XSCT server connection channel  
17:04:01 INFO  : Successfully done setting SDK workspace  
17:04:01 INFO  : Processing command line option -hwspec C:/Users/user/Desktop/SoC/20240109-3Final/Final.sdk/design_1_wrapper.hdf.
17:04:01 INFO  : Checking for hwspec changes in the project design_1_wrapper_hw_platform_4.
17:06:41 INFO  : Registering command handlers for SDK TCF services
17:06:41 INFO  : Launching XSCT server: xsct.bat -interactive C:\Users\user\Desktop\SoC\20240109-3Final\Final.sdk\temp_xsdb_launch_script.tcl
17:06:43 INFO  : XSCT server has started successfully.
17:06:43 INFO  : Successfully done setting XSCT server connection channel  
17:06:43 INFO  : Successfully done setting SDK workspace  
17:06:43 INFO  : Processing command line option -hwspec C:/Users/user/Desktop/SoC/20240109-3Final/Final.sdk/design_1_wrapper.hdf.
17:06:43 INFO  : Checking for hwspec changes in the project design_1_wrapper_hw_platform_4.
17:56:16 INFO  : Registering command handlers for SDK TCF services
17:56:17 INFO  : Launching XSCT server: xsct.bat -interactive C:\Users\user\Desktop\SoC\20240109-3Final\Final.sdk\temp_xsdb_launch_script.tcl
17:56:19 INFO  : XSCT server has started successfully.
17:56:21 INFO  : Successfully done setting XSCT server connection channel  
17:56:21 INFO  : Processing command line option -hwspec C:/Users/user/Desktop/SoC/20240109-3Final/Final.sdk/design_1_wrapper.hdf.
17:56:24 INFO  : Successfully done setting SDK workspace  
17:56:24 INFO  : Checking for hwspec changes in the project design_1_wrapper_hw_platform_4.
17:56:28 INFO  : Connected to target on host '127.0.0.1' and port '3121'.
17:56:28 INFO  : 'targets -set -filter {jtag_cable_name =~ "Xilinx TUL 1234-tulA" && level==0} -index 1' command is executed.
17:56:30 INFO  : FPGA configured successfully with bitstream "C:/Users/user/Desktop/SoC/20240109-3Final/Final.sdk/design_1_wrapper_hw_platform_0/design_1_wrapper.bit"
17:58:10 INFO  : 'targets -set -filter {jtag_cable_name =~ "Xilinx TUL 1234-tulA" && level==0} -index 1' command is executed.
17:58:10 INFO  : 'fpga -state' command is executed.
17:58:10 INFO  : Connected to target on host '127.0.0.1' and port '3121'.
17:58:11 INFO  : Jtag cable 'Xilinx TUL 1234-tulA' is selected.
17:58:11 INFO  : 'jtag frequency' command is executed.
17:58:11 INFO  : Sourcing of 'C:/Users/user/Desktop/SoC/20240109-3Final/Final.sdk/design_1_wrapper_hw_platform_0/ps7_init.tcl' is done.
17:58:11 INFO  : Context for 'APU' is selected.
17:58:11 INFO  : Hardware design information is loaded from 'C:/Users/user/Desktop/SoC/20240109-3Final/Final.sdk/design_1_wrapper_hw_platform_0/system.hdf'.
17:58:11 INFO  : 'configparams force-mem-access 1' command is executed.
17:58:11 INFO  : Context for 'APU' is selected.
17:58:11 INFO  : 'stop' command is executed.
17:58:11 INFO  : 'ps7_init' command is executed.
17:58:11 INFO  : 'ps7_post_config' command is executed.
17:58:11 INFO  : Context for processor 'ps7_cortexa9_0' is selected.
17:58:11 INFO  : Processor reset is completed for 'ps7_cortexa9_0'.
17:58:11 INFO  : Context for processor 'ps7_cortexa9_0' is selected.
17:58:11 INFO  : The application 'C:/Users/user/Desktop/SoC/20240109-3Final/Final.sdk/Final/Debug/Final.elf' is downloaded to processor 'ps7_cortexa9_0'.
17:58:11 INFO  : 'configparams force-mem-access 0' command is executed.
17:58:11 INFO  : ----------------XSDB Script----------------
connect -url tcp:127.0.0.1:3121
source C:/Users/user/Desktop/SoC/20240109-3Final/Final.sdk/design_1_wrapper_hw_platform_0/ps7_init.tcl
targets -set -nocase -filter {name =~"APU*" && jtag_cable_name =~ "Xilinx TUL 1234-tulA"} -index 0
loadhw -hw C:/Users/user/Desktop/SoC/20240109-3Final/Final.sdk/design_1_wrapper_hw_platform_0/system.hdf -mem-ranges [list {0x40000000 0xbfffffff}]
configparams force-mem-access 1
targets -set -nocase -filter {name =~"APU*" && jtag_cable_name =~ "Xilinx TUL 1234-tulA"} -index 0
stop
ps7_init
ps7_post_config
targets -set -nocase -filter {name =~ "ARM*#0" && jtag_cable_name =~ "Xilinx TUL 1234-tulA"} -index 0
rst -processor
targets -set -nocase -filter {name =~ "ARM*#0" && jtag_cable_name =~ "Xilinx TUL 1234-tulA"} -index 0
dow C:/Users/user/Desktop/SoC/20240109-3Final/Final.sdk/Final/Debug/Final.elf
configparams force-mem-access 0
----------------End of Script----------------

17:58:11 INFO  : Memory regions updated for context APU
17:58:11 INFO  : Context for processor 'ps7_cortexa9_0' is selected.
17:58:11 INFO  : 'con' command is executed.
17:58:11 INFO  : ----------------XSDB Script (After Launch)----------------
targets -set -nocase -filter {name =~ "ARM*#0" && jtag_cable_name =~ "Xilinx TUL 1234-tulA"} -index 0
con
----------------End of Script----------------

17:58:11 INFO  : Launch script is exported to file 'C:\Users\user\Desktop\SoC\20240109-3Final\Final.sdk\.sdk\launch_scripts\xilinx_c-c++_application_(system_debugger)\system_debugger_using_debug_final.elf_on_local.tcl'
17:59:46 INFO  : Connected to target on host '127.0.0.1' and port '3121'.
17:59:46 INFO  : 'targets -set -filter {jtag_cable_name =~ "Xilinx TUL 1234-tulA" && level==0} -index 1' command is executed.
17:59:48 INFO  : FPGA configured successfully with bitstream "C:/Users/user/Desktop/SoC/20240109-3Final/Final.sdk/design_1_wrapper_hw_platform_0/design_1_wrapper.bit"
17:59:53 INFO  : Disconnected from the channel tcfchan#1.
17:59:54 INFO  : 'targets -set -filter {jtag_cable_name =~ "Xilinx TUL 1234-tulA" && level==0} -index 1' command is executed.
17:59:54 INFO  : 'fpga -state' command is executed.
17:59:54 INFO  : Connected to target on host '127.0.0.1' and port '3121'.
17:59:54 INFO  : Jtag cable 'Xilinx TUL 1234-tulA' is selected.
17:59:54 INFO  : 'jtag frequency' command is executed.
17:59:54 INFO  : Sourcing of 'C:/Users/user/Desktop/SoC/20240109-3Final/Final.sdk/design_1_wrapper_hw_platform_0/ps7_init.tcl' is done.
17:59:54 INFO  : Context for 'APU' is selected.
17:59:55 INFO  : Hardware design information is loaded from 'C:/Users/user/Desktop/SoC/20240109-3Final/Final.sdk/design_1_wrapper_hw_platform_0/system.hdf'.
17:59:55 INFO  : 'configparams force-mem-access 1' command is executed.
17:59:55 INFO  : Context for 'APU' is selected.
17:59:55 INFO  : 'stop' command is executed.
17:59:56 INFO  : 'ps7_init' command is executed.
17:59:56 INFO  : 'ps7_post_config' command is executed.
17:59:56 INFO  : Context for processor 'ps7_cortexa9_0' is selected.
17:59:56 INFO  : Processor reset is completed for 'ps7_cortexa9_0'.
17:59:56 INFO  : Context for processor 'ps7_cortexa9_0' is selected.
17:59:56 INFO  : The application 'C:/Users/user/Desktop/SoC/20240109-3Final/Final.sdk/Final/Debug/Final.elf' is downloaded to processor 'ps7_cortexa9_0'.
17:59:56 INFO  : 'configparams force-mem-access 0' command is executed.
17:59:56 INFO  : ----------------XSDB Script----------------
connect -url tcp:127.0.0.1:3121
source C:/Users/user/Desktop/SoC/20240109-3Final/Final.sdk/design_1_wrapper_hw_platform_0/ps7_init.tcl
targets -set -nocase -filter {name =~"APU*" && jtag_cable_name =~ "Xilinx TUL 1234-tulA"} -index 0
loadhw -hw C:/Users/user/Desktop/SoC/20240109-3Final/Final.sdk/design_1_wrapper_hw_platform_0/system.hdf -mem-ranges [list {0x40000000 0xbfffffff}]
configparams force-mem-access 1
targets -set -nocase -filter {name =~"APU*" && jtag_cable_name =~ "Xilinx TUL 1234-tulA"} -index 0
stop
ps7_init
ps7_post_config
targets -set -nocase -filter {name =~ "ARM*#0" && jtag_cable_name =~ "Xilinx TUL 1234-tulA"} -index 0
rst -processor
targets -set -nocase -filter {name =~ "ARM*#0" && jtag_cable_name =~ "Xilinx TUL 1234-tulA"} -index 0
dow C:/Users/user/Desktop/SoC/20240109-3Final/Final.sdk/Final/Debug/Final.elf
configparams force-mem-access 0
----------------End of Script----------------

17:59:56 INFO  : Memory regions updated for context APU
17:59:56 INFO  : Context for processor 'ps7_cortexa9_0' is selected.
17:59:56 INFO  : 'con' command is executed.
17:59:56 INFO  : ----------------XSDB Script (After Launch)----------------
targets -set -nocase -filter {name =~ "ARM*#0" && jtag_cable_name =~ "Xilinx TUL 1234-tulA"} -index 0
con
----------------End of Script----------------

17:59:56 INFO  : Launch script is exported to file 'C:\Users\user\Desktop\SoC\20240109-3Final\Final.sdk\.sdk\launch_scripts\xilinx_c-c++_application_(system_debugger)\system_debugger_using_debug_final.elf_on_local.tcl'
18:01:33 INFO  : Disconnected from the channel tcfchan#2.
18:01:34 INFO  : 'targets -set -filter {jtag_cable_name =~ "Xilinx TUL 1234-tulA" && level==0} -index 1' command is executed.
18:01:34 INFO  : 'fpga -state' command is executed.
18:01:34 INFO  : Connected to target on host '127.0.0.1' and port '3121'.
18:01:34 INFO  : Jtag cable 'Xilinx TUL 1234-tulA' is selected.
18:01:34 INFO  : 'jtag frequency' command is executed.
18:01:34 INFO  : Sourcing of 'C:/Users/user/Desktop/SoC/20240109-3Final/Final.sdk/design_1_wrapper_hw_platform_0/ps7_init.tcl' is done.
18:01:34 INFO  : Context for 'APU' is selected.
18:01:34 INFO  : Hardware design information is loaded from 'C:/Users/user/Desktop/SoC/20240109-3Final/Final.sdk/design_1_wrapper_hw_platform_0/system.hdf'.
18:01:34 INFO  : 'configparams force-mem-access 1' command is executed.
18:01:34 INFO  : Context for 'APU' is selected.
18:01:34 INFO  : 'stop' command is executed.
18:01:34 INFO  : 'ps7_init' command is executed.
18:01:34 INFO  : 'ps7_post_config' command is executed.
18:01:34 INFO  : Context for processor 'ps7_cortexa9_0' is selected.
18:01:34 INFO  : Processor reset is completed for 'ps7_cortexa9_0'.
18:01:34 INFO  : Context for processor 'ps7_cortexa9_0' is selected.
18:01:34 INFO  : The application 'C:/Users/user/Desktop/SoC/20240109-3Final/Final.sdk/Final/Debug/Final.elf' is downloaded to processor 'ps7_cortexa9_0'.
18:01:34 INFO  : 'configparams force-mem-access 0' command is executed.
18:01:34 INFO  : ----------------XSDB Script----------------
connect -url tcp:127.0.0.1:3121
source C:/Users/user/Desktop/SoC/20240109-3Final/Final.sdk/design_1_wrapper_hw_platform_0/ps7_init.tcl
targets -set -nocase -filter {name =~"APU*" && jtag_cable_name =~ "Xilinx TUL 1234-tulA"} -index 0
loadhw -hw C:/Users/user/Desktop/SoC/20240109-3Final/Final.sdk/design_1_wrapper_hw_platform_0/system.hdf -mem-ranges [list {0x40000000 0xbfffffff}]
configparams force-mem-access 1
targets -set -nocase -filter {name =~"APU*" && jtag_cable_name =~ "Xilinx TUL 1234-tulA"} -index 0
stop
ps7_init
ps7_post_config
targets -set -nocase -filter {name =~ "ARM*#0" && jtag_cable_name =~ "Xilinx TUL 1234-tulA"} -index 0
rst -processor
targets -set -nocase -filter {name =~ "ARM*#0" && jtag_cable_name =~ "Xilinx TUL 1234-tulA"} -index 0
dow C:/Users/user/Desktop/SoC/20240109-3Final/Final.sdk/Final/Debug/Final.elf
configparams force-mem-access 0
----------------End of Script----------------

18:01:34 INFO  : Memory regions updated for context APU
18:01:35 INFO  : Context for processor 'ps7_cortexa9_0' is selected.
18:01:35 INFO  : 'con' command is executed.
18:01:35 INFO  : ----------------XSDB Script (After Launch)----------------
targets -set -nocase -filter {name =~ "ARM*#0" && jtag_cable_name =~ "Xilinx TUL 1234-tulA"} -index 0
con
----------------End of Script----------------

18:01:35 INFO  : Launch script is exported to file 'C:\Users\user\Desktop\SoC\20240109-3Final\Final.sdk\.sdk\launch_scripts\xilinx_c-c++_application_(system_debugger)\system_debugger_using_debug_final.elf_on_local.tcl'
18:04:48 INFO  : Connected to target on host '127.0.0.1' and port '3121'.
18:04:48 INFO  : 'targets -set -filter {jtag_cable_name =~ "Xilinx TUL 1234-tulA" && level==0} -index 1' command is executed.
18:04:50 INFO  : FPGA configured successfully with bitstream "C:/Users/user/Desktop/SoC/20240109-3Final/Final.sdk/design_1_wrapper_hw_platform_0/design_1_wrapper.bit"
18:04:54 INFO  : Disconnected from the channel tcfchan#3.
18:04:55 INFO  : 'targets -set -filter {jtag_cable_name =~ "Xilinx TUL 1234-tulA" && level==0} -index 1' command is executed.
18:04:55 INFO  : 'fpga -state' command is executed.
18:04:55 INFO  : Connected to target on host '127.0.0.1' and port '3121'.
18:04:55 INFO  : Jtag cable 'Xilinx TUL 1234-tulA' is selected.
18:04:55 INFO  : 'jtag frequency' command is executed.
18:04:55 INFO  : Sourcing of 'C:/Users/user/Desktop/SoC/20240109-3Final/Final.sdk/design_1_wrapper_hw_platform_0/ps7_init.tcl' is done.
18:04:55 INFO  : Context for 'APU' is selected.
18:04:55 INFO  : Hardware design information is loaded from 'C:/Users/user/Desktop/SoC/20240109-3Final/Final.sdk/design_1_wrapper_hw_platform_0/system.hdf'.
18:04:55 INFO  : 'configparams force-mem-access 1' command is executed.
18:04:55 INFO  : Context for 'APU' is selected.
18:04:56 INFO  : 'stop' command is executed.
18:04:56 INFO  : 'ps7_init' command is executed.
18:04:56 INFO  : 'ps7_post_config' command is executed.
18:04:56 INFO  : Context for processor 'ps7_cortexa9_0' is selected.
18:04:56 INFO  : Processor reset is completed for 'ps7_cortexa9_0'.
18:04:56 INFO  : Context for processor 'ps7_cortexa9_0' is selected.
18:04:56 INFO  : The application 'C:/Users/user/Desktop/SoC/20240109-3Final/Final.sdk/Final/Debug/Final.elf' is downloaded to processor 'ps7_cortexa9_0'.
18:04:56 INFO  : 'configparams force-mem-access 0' command is executed.
18:04:56 INFO  : ----------------XSDB Script----------------
connect -url tcp:127.0.0.1:3121
source C:/Users/user/Desktop/SoC/20240109-3Final/Final.sdk/design_1_wrapper_hw_platform_0/ps7_init.tcl
targets -set -nocase -filter {name =~"APU*" && jtag_cable_name =~ "Xilinx TUL 1234-tulA"} -index 0
loadhw -hw C:/Users/user/Desktop/SoC/20240109-3Final/Final.sdk/design_1_wrapper_hw_platform_0/system.hdf -mem-ranges [list {0x40000000 0xbfffffff}]
configparams force-mem-access 1
targets -set -nocase -filter {name =~"APU*" && jtag_cable_name =~ "Xilinx TUL 1234-tulA"} -index 0
stop
ps7_init
ps7_post_config
targets -set -nocase -filter {name =~ "ARM*#0" && jtag_cable_name =~ "Xilinx TUL 1234-tulA"} -index 0
rst -processor
targets -set -nocase -filter {name =~ "ARM*#0" && jtag_cable_name =~ "Xilinx TUL 1234-tulA"} -index 0
dow C:/Users/user/Desktop/SoC/20240109-3Final/Final.sdk/Final/Debug/Final.elf
configparams force-mem-access 0
----------------End of Script----------------

18:04:56 INFO  : Memory regions updated for context APU
18:04:56 INFO  : Context for processor 'ps7_cortexa9_0' is selected.
18:04:56 INFO  : 'con' command is executed.
18:04:56 INFO  : ----------------XSDB Script (After Launch)----------------
targets -set -nocase -filter {name =~ "ARM*#0" && jtag_cable_name =~ "Xilinx TUL 1234-tulA"} -index 0
con
----------------End of Script----------------

18:04:56 INFO  : Launch script is exported to file 'C:\Users\user\Desktop\SoC\20240109-3Final\Final.sdk\.sdk\launch_scripts\xilinx_c-c++_application_(system_debugger)\system_debugger_using_debug_final.elf_on_local.tcl'
18:06:02 INFO  : Disconnected from the channel tcfchan#4.
18:06:03 INFO  : 'targets -set -filter {jtag_cable_name =~ "Xilinx TUL 1234-tulA" && level==0} -index 1' command is executed.
18:06:03 INFO  : 'fpga -state' command is executed.
18:06:03 INFO  : Connected to target on host '127.0.0.1' and port '3121'.
18:06:03 INFO  : Jtag cable 'Xilinx TUL 1234-tulA' is selected.
18:06:03 INFO  : 'jtag frequency' command is executed.
18:06:03 INFO  : Sourcing of 'C:/Users/user/Desktop/SoC/20240109-3Final/Final.sdk/design_1_wrapper_hw_platform_0/ps7_init.tcl' is done.
18:06:03 INFO  : Context for 'APU' is selected.
18:06:03 INFO  : Hardware design information is loaded from 'C:/Users/user/Desktop/SoC/20240109-3Final/Final.sdk/design_1_wrapper_hw_platform_0/system.hdf'.
18:06:03 INFO  : 'configparams force-mem-access 1' command is executed.
18:06:03 INFO  : Context for 'APU' is selected.
18:06:03 INFO  : 'stop' command is executed.
18:06:03 INFO  : 'ps7_init' command is executed.
18:06:03 INFO  : 'ps7_post_config' command is executed.
18:06:03 INFO  : Context for processor 'ps7_cortexa9_0' is selected.
18:06:03 INFO  : Processor reset is completed for 'ps7_cortexa9_0'.
18:06:03 INFO  : Context for processor 'ps7_cortexa9_0' is selected.
18:06:03 INFO  : The application 'C:/Users/user/Desktop/SoC/20240109-3Final/Final.sdk/Final/Debug/Final.elf' is downloaded to processor 'ps7_cortexa9_0'.
18:06:03 INFO  : 'configparams force-mem-access 0' command is executed.
18:06:03 INFO  : ----------------XSDB Script----------------
connect -url tcp:127.0.0.1:3121
source C:/Users/user/Desktop/SoC/20240109-3Final/Final.sdk/design_1_wrapper_hw_platform_0/ps7_init.tcl
targets -set -nocase -filter {name =~"APU*" && jtag_cable_name =~ "Xilinx TUL 1234-tulA"} -index 0
loadhw -hw C:/Users/user/Desktop/SoC/20240109-3Final/Final.sdk/design_1_wrapper_hw_platform_0/system.hdf -mem-ranges [list {0x40000000 0xbfffffff}]
configparams force-mem-access 1
targets -set -nocase -filter {name =~"APU*" && jtag_cable_name =~ "Xilinx TUL 1234-tulA"} -index 0
stop
ps7_init
ps7_post_config
targets -set -nocase -filter {name =~ "ARM*#0" && jtag_cable_name =~ "Xilinx TUL 1234-tulA"} -index 0
rst -processor
targets -set -nocase -filter {name =~ "ARM*#0" && jtag_cable_name =~ "Xilinx TUL 1234-tulA"} -index 0
dow C:/Users/user/Desktop/SoC/20240109-3Final/Final.sdk/Final/Debug/Final.elf
configparams force-mem-access 0
----------------End of Script----------------

18:06:03 INFO  : Memory regions updated for context APU
18:06:04 INFO  : Context for processor 'ps7_cortexa9_0' is selected.
18:06:04 INFO  : 'con' command is executed.
18:06:04 INFO  : ----------------XSDB Script (After Launch)----------------
targets -set -nocase -filter {name =~ "ARM*#0" && jtag_cable_name =~ "Xilinx TUL 1234-tulA"} -index 0
con
----------------End of Script----------------

18:06:04 INFO  : Launch script is exported to file 'C:\Users\user\Desktop\SoC\20240109-3Final\Final.sdk\.sdk\launch_scripts\xilinx_c-c++_application_(system_debugger)\system_debugger_using_debug_final.elf_on_local.tcl'
18:07:18 INFO  : Disconnected from the channel tcfchan#5.
18:07:19 INFO  : 'targets -set -filter {jtag_cable_name =~ "Xilinx TUL 1234-tulA" && level==0} -index 1' command is executed.
18:07:19 INFO  : 'fpga -state' command is executed.
18:07:19 INFO  : Connected to target on host '127.0.0.1' and port '3121'.
18:07:19 INFO  : Jtag cable 'Xilinx TUL 1234-tulA' is selected.
18:07:19 INFO  : 'jtag frequency' command is executed.
18:07:19 INFO  : Sourcing of 'C:/Users/user/Desktop/SoC/20240109-3Final/Final.sdk/design_1_wrapper_hw_platform_0/ps7_init.tcl' is done.
18:07:19 INFO  : Context for 'APU' is selected.
18:07:19 INFO  : Hardware design information is loaded from 'C:/Users/user/Desktop/SoC/20240109-3Final/Final.sdk/design_1_wrapper_hw_platform_0/system.hdf'.
18:07:19 INFO  : 'configparams force-mem-access 1' command is executed.
18:07:19 INFO  : Context for 'APU' is selected.
18:07:19 INFO  : 'stop' command is executed.
18:07:19 INFO  : 'ps7_init' command is executed.
18:07:19 INFO  : 'ps7_post_config' command is executed.
18:07:19 INFO  : Context for processor 'ps7_cortexa9_0' is selected.
18:07:19 INFO  : Processor reset is completed for 'ps7_cortexa9_0'.
18:07:19 INFO  : Context for processor 'ps7_cortexa9_0' is selected.
18:07:19 INFO  : The application 'C:/Users/user/Desktop/SoC/20240109-3Final/Final.sdk/Final/Debug/Final.elf' is downloaded to processor 'ps7_cortexa9_0'.
18:07:19 INFO  : 'configparams force-mem-access 0' command is executed.
18:07:19 INFO  : ----------------XSDB Script----------------
connect -url tcp:127.0.0.1:3121
source C:/Users/user/Desktop/SoC/20240109-3Final/Final.sdk/design_1_wrapper_hw_platform_0/ps7_init.tcl
targets -set -nocase -filter {name =~"APU*" && jtag_cable_name =~ "Xilinx TUL 1234-tulA"} -index 0
loadhw -hw C:/Users/user/Desktop/SoC/20240109-3Final/Final.sdk/design_1_wrapper_hw_platform_0/system.hdf -mem-ranges [list {0x40000000 0xbfffffff}]
configparams force-mem-access 1
targets -set -nocase -filter {name =~"APU*" && jtag_cable_name =~ "Xilinx TUL 1234-tulA"} -index 0
stop
ps7_init
ps7_post_config
targets -set -nocase -filter {name =~ "ARM*#0" && jtag_cable_name =~ "Xilinx TUL 1234-tulA"} -index 0
rst -processor
targets -set -nocase -filter {name =~ "ARM*#0" && jtag_cable_name =~ "Xilinx TUL 1234-tulA"} -index 0
dow C:/Users/user/Desktop/SoC/20240109-3Final/Final.sdk/Final/Debug/Final.elf
configparams force-mem-access 0
----------------End of Script----------------

18:07:20 INFO  : Memory regions updated for context APU
18:07:20 INFO  : Context for processor 'ps7_cortexa9_0' is selected.
18:07:20 INFO  : 'con' command is executed.
18:07:20 INFO  : ----------------XSDB Script (After Launch)----------------
targets -set -nocase -filter {name =~ "ARM*#0" && jtag_cable_name =~ "Xilinx TUL 1234-tulA"} -index 0
con
----------------End of Script----------------

18:07:20 INFO  : Launch script is exported to file 'C:\Users\user\Desktop\SoC\20240109-3Final\Final.sdk\.sdk\launch_scripts\xilinx_c-c++_application_(system_debugger)\system_debugger_using_debug_final.elf_on_local.tcl'
18:07:56 INFO  : Disconnected from the channel tcfchan#6.
18:07:57 INFO  : 'targets -set -filter {jtag_cable_name =~ "Xilinx TUL 1234-tulA" && level==0} -index 1' command is executed.
18:07:57 INFO  : 'fpga -state' command is executed.
18:07:57 INFO  : Connected to target on host '127.0.0.1' and port '3121'.
18:07:57 INFO  : Jtag cable 'Xilinx TUL 1234-tulA' is selected.
18:07:57 INFO  : 'jtag frequency' command is executed.
18:07:57 INFO  : Sourcing of 'C:/Users/user/Desktop/SoC/20240109-3Final/Final.sdk/design_1_wrapper_hw_platform_0/ps7_init.tcl' is done.
18:07:57 INFO  : Context for 'APU' is selected.
18:07:57 INFO  : Hardware design information is loaded from 'C:/Users/user/Desktop/SoC/20240109-3Final/Final.sdk/design_1_wrapper_hw_platform_0/system.hdf'.
18:07:57 INFO  : 'configparams force-mem-access 1' command is executed.
18:07:57 INFO  : Context for 'APU' is selected.
18:07:57 INFO  : 'stop' command is executed.
18:07:57 INFO  : 'ps7_init' command is executed.
18:07:57 INFO  : 'ps7_post_config' command is executed.
18:07:57 INFO  : Context for processor 'ps7_cortexa9_0' is selected.
18:07:57 INFO  : Processor reset is completed for 'ps7_cortexa9_0'.
18:07:57 INFO  : Context for processor 'ps7_cortexa9_0' is selected.
18:07:58 INFO  : The application 'C:/Users/user/Desktop/SoC/20240109-3Final/Final.sdk/Final/Debug/Final.elf' is downloaded to processor 'ps7_cortexa9_0'.
18:07:58 INFO  : 'configparams force-mem-access 0' command is executed.
18:07:58 INFO  : ----------------XSDB Script----------------
connect -url tcp:127.0.0.1:3121
source C:/Users/user/Desktop/SoC/20240109-3Final/Final.sdk/design_1_wrapper_hw_platform_0/ps7_init.tcl
targets -set -nocase -filter {name =~"APU*" && jtag_cable_name =~ "Xilinx TUL 1234-tulA"} -index 0
loadhw -hw C:/Users/user/Desktop/SoC/20240109-3Final/Final.sdk/design_1_wrapper_hw_platform_0/system.hdf -mem-ranges [list {0x40000000 0xbfffffff}]
configparams force-mem-access 1
targets -set -nocase -filter {name =~"APU*" && jtag_cable_name =~ "Xilinx TUL 1234-tulA"} -index 0
stop
ps7_init
ps7_post_config
targets -set -nocase -filter {name =~ "ARM*#0" && jtag_cable_name =~ "Xilinx TUL 1234-tulA"} -index 0
rst -processor
targets -set -nocase -filter {name =~ "ARM*#0" && jtag_cable_name =~ "Xilinx TUL 1234-tulA"} -index 0
dow C:/Users/user/Desktop/SoC/20240109-3Final/Final.sdk/Final/Debug/Final.elf
configparams force-mem-access 0
----------------End of Script----------------

18:07:58 INFO  : Memory regions updated for context APU
18:07:58 INFO  : Context for processor 'ps7_cortexa9_0' is selected.
18:07:58 INFO  : 'con' command is executed.
18:07:58 INFO  : ----------------XSDB Script (After Launch)----------------
targets -set -nocase -filter {name =~ "ARM*#0" && jtag_cable_name =~ "Xilinx TUL 1234-tulA"} -index 0
con
----------------End of Script----------------

18:07:58 INFO  : Launch script is exported to file 'C:\Users\user\Desktop\SoC\20240109-3Final\Final.sdk\.sdk\launch_scripts\xilinx_c-c++_application_(system_debugger)\system_debugger_using_debug_final.elf_on_local.tcl'
18:09:03 INFO  : Disconnected from the channel tcfchan#7.
18:09:05 INFO  : 'targets -set -filter {jtag_cable_name =~ "Xilinx TUL 1234-tulA" && level==0} -index 1' command is executed.
18:09:05 INFO  : 'fpga -state' command is executed.
18:09:05 INFO  : Connected to target on host '127.0.0.1' and port '3121'.
18:09:05 INFO  : Jtag cable 'Xilinx TUL 1234-tulA' is selected.
18:09:05 INFO  : 'jtag frequency' command is executed.
18:09:05 INFO  : Sourcing of 'C:/Users/user/Desktop/SoC/20240109-3Final/Final.sdk/design_1_wrapper_hw_platform_0/ps7_init.tcl' is done.
18:09:05 INFO  : Context for 'APU' is selected.
18:09:05 INFO  : Hardware design information is loaded from 'C:/Users/user/Desktop/SoC/20240109-3Final/Final.sdk/design_1_wrapper_hw_platform_0/system.hdf'.
18:09:05 INFO  : 'configparams force-mem-access 1' command is executed.
18:09:05 INFO  : Context for 'APU' is selected.
18:09:05 INFO  : 'stop' command is executed.
18:09:05 INFO  : 'ps7_init' command is executed.
18:09:05 INFO  : 'ps7_post_config' command is executed.
18:09:05 INFO  : Context for processor 'ps7_cortexa9_0' is selected.
18:09:05 INFO  : Processor reset is completed for 'ps7_cortexa9_0'.
18:09:05 INFO  : Context for processor 'ps7_cortexa9_0' is selected.
18:09:05 INFO  : The application 'C:/Users/user/Desktop/SoC/20240109-3Final/Final.sdk/Final/Debug/Final.elf' is downloaded to processor 'ps7_cortexa9_0'.
18:09:05 INFO  : 'configparams force-mem-access 0' command is executed.
18:09:05 INFO  : ----------------XSDB Script----------------
connect -url tcp:127.0.0.1:3121
source C:/Users/user/Desktop/SoC/20240109-3Final/Final.sdk/design_1_wrapper_hw_platform_0/ps7_init.tcl
targets -set -nocase -filter {name =~"APU*" && jtag_cable_name =~ "Xilinx TUL 1234-tulA"} -index 0
loadhw -hw C:/Users/user/Desktop/SoC/20240109-3Final/Final.sdk/design_1_wrapper_hw_platform_0/system.hdf -mem-ranges [list {0x40000000 0xbfffffff}]
configparams force-mem-access 1
targets -set -nocase -filter {name =~"APU*" && jtag_cable_name =~ "Xilinx TUL 1234-tulA"} -index 0
stop
ps7_init
ps7_post_config
targets -set -nocase -filter {name =~ "ARM*#0" && jtag_cable_name =~ "Xilinx TUL 1234-tulA"} -index 0
rst -processor
targets -set -nocase -filter {name =~ "ARM*#0" && jtag_cable_name =~ "Xilinx TUL 1234-tulA"} -index 0
dow C:/Users/user/Desktop/SoC/20240109-3Final/Final.sdk/Final/Debug/Final.elf
configparams force-mem-access 0
----------------End of Script----------------

18:09:05 INFO  : Memory regions updated for context APU
18:09:05 INFO  : Context for processor 'ps7_cortexa9_0' is selected.
18:09:05 INFO  : 'con' command is executed.
18:09:05 INFO  : ----------------XSDB Script (After Launch)----------------
targets -set -nocase -filter {name =~ "ARM*#0" && jtag_cable_name =~ "Xilinx TUL 1234-tulA"} -index 0
con
----------------End of Script----------------

18:09:05 INFO  : Launch script is exported to file 'C:\Users\user\Desktop\SoC\20240109-3Final\Final.sdk\.sdk\launch_scripts\xilinx_c-c++_application_(system_debugger)\system_debugger_using_debug_final.elf_on_local.tcl'
18:10:55 INFO  : Disconnected from the channel tcfchan#8.
18:10:56 INFO  : 'targets -set -filter {jtag_cable_name =~ "Xilinx TUL 1234-tulA" && level==0} -index 1' command is executed.
18:10:56 INFO  : 'fpga -state' command is executed.
18:10:56 INFO  : Connected to target on host '127.0.0.1' and port '3121'.
18:10:56 INFO  : Jtag cable 'Xilinx TUL 1234-tulA' is selected.
18:10:56 INFO  : 'jtag frequency' command is executed.
18:10:56 INFO  : Sourcing of 'C:/Users/user/Desktop/SoC/20240109-3Final/Final.sdk/design_1_wrapper_hw_platform_0/ps7_init.tcl' is done.
18:10:56 INFO  : Context for 'APU' is selected.
18:10:56 INFO  : Hardware design information is loaded from 'C:/Users/user/Desktop/SoC/20240109-3Final/Final.sdk/design_1_wrapper_hw_platform_0/system.hdf'.
18:10:56 INFO  : 'configparams force-mem-access 1' command is executed.
18:10:56 INFO  : Context for 'APU' is selected.
18:10:56 INFO  : 'stop' command is executed.
18:10:56 INFO  : 'ps7_init' command is executed.
18:10:56 INFO  : 'ps7_post_config' command is executed.
18:10:56 INFO  : Context for processor 'ps7_cortexa9_0' is selected.
18:10:56 INFO  : Processor reset is completed for 'ps7_cortexa9_0'.
18:10:56 INFO  : Context for processor 'ps7_cortexa9_0' is selected.
18:10:57 INFO  : The application 'C:/Users/user/Desktop/SoC/20240109-3Final/Final.sdk/Final/Debug/Final.elf' is downloaded to processor 'ps7_cortexa9_0'.
18:10:57 INFO  : 'configparams force-mem-access 0' command is executed.
18:10:57 INFO  : ----------------XSDB Script----------------
connect -url tcp:127.0.0.1:3121
source C:/Users/user/Desktop/SoC/20240109-3Final/Final.sdk/design_1_wrapper_hw_platform_0/ps7_init.tcl
targets -set -nocase -filter {name =~"APU*" && jtag_cable_name =~ "Xilinx TUL 1234-tulA"} -index 0
loadhw -hw C:/Users/user/Desktop/SoC/20240109-3Final/Final.sdk/design_1_wrapper_hw_platform_0/system.hdf -mem-ranges [list {0x40000000 0xbfffffff}]
configparams force-mem-access 1
targets -set -nocase -filter {name =~"APU*" && jtag_cable_name =~ "Xilinx TUL 1234-tulA"} -index 0
stop
ps7_init
ps7_post_config
targets -set -nocase -filter {name =~ "ARM*#0" && jtag_cable_name =~ "Xilinx TUL 1234-tulA"} -index 0
rst -processor
targets -set -nocase -filter {name =~ "ARM*#0" && jtag_cable_name =~ "Xilinx TUL 1234-tulA"} -index 0
dow C:/Users/user/Desktop/SoC/20240109-3Final/Final.sdk/Final/Debug/Final.elf
configparams force-mem-access 0
----------------End of Script----------------

18:10:57 INFO  : Memory regions updated for context APU
18:10:57 INFO  : Context for processor 'ps7_cortexa9_0' is selected.
18:10:57 INFO  : 'con' command is executed.
18:10:57 INFO  : ----------------XSDB Script (After Launch)----------------
targets -set -nocase -filter {name =~ "ARM*#0" && jtag_cable_name =~ "Xilinx TUL 1234-tulA"} -index 0
con
----------------End of Script----------------

18:10:57 INFO  : Launch script is exported to file 'C:\Users\user\Desktop\SoC\20240109-3Final\Final.sdk\.sdk\launch_scripts\xilinx_c-c++_application_(system_debugger)\system_debugger_using_debug_final.elf_on_local.tcl'
18:11:40 INFO  : Disconnected from the channel tcfchan#9.
18:11:41 INFO  : 'targets -set -filter {jtag_cable_name =~ "Xilinx TUL 1234-tulA" && level==0} -index 1' command is executed.
18:11:41 INFO  : 'fpga -state' command is executed.
18:11:41 INFO  : Connected to target on host '127.0.0.1' and port '3121'.
18:11:41 INFO  : Jtag cable 'Xilinx TUL 1234-tulA' is selected.
18:11:41 INFO  : 'jtag frequency' command is executed.
18:11:41 INFO  : Sourcing of 'C:/Users/user/Desktop/SoC/20240109-3Final/Final.sdk/design_1_wrapper_hw_platform_0/ps7_init.tcl' is done.
18:11:41 INFO  : Context for 'APU' is selected.
18:11:41 INFO  : Hardware design information is loaded from 'C:/Users/user/Desktop/SoC/20240109-3Final/Final.sdk/design_1_wrapper_hw_platform_0/system.hdf'.
18:11:41 INFO  : 'configparams force-mem-access 1' command is executed.
18:11:41 INFO  : Context for 'APU' is selected.
18:11:41 INFO  : 'stop' command is executed.
18:11:41 INFO  : 'ps7_init' command is executed.
18:11:41 INFO  : 'ps7_post_config' command is executed.
18:11:41 INFO  : Context for processor 'ps7_cortexa9_0' is selected.
18:11:41 INFO  : Processor reset is completed for 'ps7_cortexa9_0'.
18:11:41 INFO  : Context for processor 'ps7_cortexa9_0' is selected.
18:11:42 INFO  : The application 'C:/Users/user/Desktop/SoC/20240109-3Final/Final.sdk/Final/Debug/Final.elf' is downloaded to processor 'ps7_cortexa9_0'.
18:11:42 INFO  : 'configparams force-mem-access 0' command is executed.
18:11:42 INFO  : ----------------XSDB Script----------------
connect -url tcp:127.0.0.1:3121
source C:/Users/user/Desktop/SoC/20240109-3Final/Final.sdk/design_1_wrapper_hw_platform_0/ps7_init.tcl
targets -set -nocase -filter {name =~"APU*" && jtag_cable_name =~ "Xilinx TUL 1234-tulA"} -index 0
loadhw -hw C:/Users/user/Desktop/SoC/20240109-3Final/Final.sdk/design_1_wrapper_hw_platform_0/system.hdf -mem-ranges [list {0x40000000 0xbfffffff}]
configparams force-mem-access 1
targets -set -nocase -filter {name =~"APU*" && jtag_cable_name =~ "Xilinx TUL 1234-tulA"} -index 0
stop
ps7_init
ps7_post_config
targets -set -nocase -filter {name =~ "ARM*#0" && jtag_cable_name =~ "Xilinx TUL 1234-tulA"} -index 0
rst -processor
targets -set -nocase -filter {name =~ "ARM*#0" && jtag_cable_name =~ "Xilinx TUL 1234-tulA"} -index 0
dow C:/Users/user/Desktop/SoC/20240109-3Final/Final.sdk/Final/Debug/Final.elf
configparams force-mem-access 0
----------------End of Script----------------

18:11:42 INFO  : Memory regions updated for context APU
18:11:42 INFO  : Context for processor 'ps7_cortexa9_0' is selected.
18:11:42 INFO  : 'con' command is executed.
18:11:42 INFO  : ----------------XSDB Script (After Launch)----------------
targets -set -nocase -filter {name =~ "ARM*#0" && jtag_cable_name =~ "Xilinx TUL 1234-tulA"} -index 0
con
----------------End of Script----------------

18:11:42 INFO  : Launch script is exported to file 'C:\Users\user\Desktop\SoC\20240109-3Final\Final.sdk\.sdk\launch_scripts\xilinx_c-c++_application_(system_debugger)\system_debugger_using_debug_final.elf_on_local.tcl'
18:13:55 INFO  : 'targets -set -filter {jtag_cable_name =~ "Xilinx TUL 1234-tulA" && level==0} -index 1' command is executed.
18:13:55 INFO  : 'fpga -state' command is executed.
18:13:55 INFO  : Connected to target on host '127.0.0.1' and port '3121'.
18:13:55 INFO  : Jtag cable 'Xilinx TUL 1234-tulA' is selected.
18:13:55 INFO  : 'jtag frequency' command is executed.
18:13:55 INFO  : Sourcing of 'C:/Users/user/Desktop/SoC/20240109-3Final/Final.sdk/design_1_wrapper_hw_platform_0/ps7_init.tcl' is done.
18:13:55 INFO  : Context for 'APU' is selected.
18:13:55 INFO  : Hardware design information is loaded from 'C:/Users/user/Desktop/SoC/20240109-3Final/Final.sdk/design_1_wrapper_hw_platform_0/system.hdf'.
18:13:55 INFO  : 'configparams force-mem-access 1' command is executed.
18:13:55 INFO  : Context for 'APU' is selected.
18:13:55 INFO  : 'stop' command is executed.
18:13:55 INFO  : 'ps7_init' command is executed.
18:13:55 INFO  : 'ps7_post_config' command is executed.
18:13:56 INFO  : Context for processor 'ps7_cortexa9_0' is selected.
18:13:56 INFO  : Processor reset is completed for 'ps7_cortexa9_0'.
18:13:56 INFO  : Context for processor 'ps7_cortexa9_0' is selected.
18:13:56 INFO  : The application 'C:/Users/user/Desktop/SoC/20240109-3Final/Final.sdk/Final/Debug/Final.elf' is downloaded to processor 'ps7_cortexa9_0'.
18:13:56 INFO  : 'configparams force-mem-access 0' command is executed.
18:13:56 INFO  : ----------------XSDB Script----------------
connect -url tcp:127.0.0.1:3121
source C:/Users/user/Desktop/SoC/20240109-3Final/Final.sdk/design_1_wrapper_hw_platform_0/ps7_init.tcl
targets -set -nocase -filter {name =~"APU*" && jtag_cable_name =~ "Xilinx TUL 1234-tulA"} -index 0
loadhw -hw C:/Users/user/Desktop/SoC/20240109-3Final/Final.sdk/design_1_wrapper_hw_platform_0/system.hdf -mem-ranges [list {0x40000000 0xbfffffff}]
configparams force-mem-access 1
targets -set -nocase -filter {name =~"APU*" && jtag_cable_name =~ "Xilinx TUL 1234-tulA"} -index 0
stop
ps7_init
ps7_post_config
targets -set -nocase -filter {name =~ "ARM*#0" && jtag_cable_name =~ "Xilinx TUL 1234-tulA"} -index 0
rst -processor
targets -set -nocase -filter {name =~ "ARM*#0" && jtag_cable_name =~ "Xilinx TUL 1234-tulA"} -index 0
dow C:/Users/user/Desktop/SoC/20240109-3Final/Final.sdk/Final/Debug/Final.elf
configparams force-mem-access 0
----------------End of Script----------------

18:13:56 INFO  : Memory regions updated for context APU
18:13:56 INFO  : Context for processor 'ps7_cortexa9_0' is selected.
18:13:56 INFO  : 'con' command is executed.
18:13:56 INFO  : ----------------XSDB Script (After Launch)----------------
targets -set -nocase -filter {name =~ "ARM*#0" && jtag_cable_name =~ "Xilinx TUL 1234-tulA"} -index 0
con
----------------End of Script----------------

18:13:56 INFO  : Launch script is exported to file 'C:\Users\user\Desktop\SoC\20240109-3Final\Final.sdk\.sdk\launch_scripts\performance_analysis\performance_analysis_using_debug_final.elf_on_local.tcl'
18:13:56 INFO  : Apm configuration has been updated and stored to 'C:\Users\user\Desktop\SoC\20240109-3Final\Final.sdk\design_1_wrapper_hw_platform_0\apmconfigs\apm_default.json' for the project 'design_1_wrapper_hw_platform_0'
18:13:57 INFO  : Performance data for 'PS' will be exported to the file 'C:\Users\user\Desktop\SoC\20240109-3Final\Final.sdk\design_1_wrapper_hw_platform_0_Traces\Traces\Run_@-10_18-13\PS_Trace_@-10_18-13\trace'
18:13:57 INFO  : Created tracing project 'design_1_wrapper_hw_platform_0_Traces'
18:13:57 INFO  : Added tracing folder 'C:\Users\user\Desktop\SoC\20240109-3Final\Final.sdk\design_1_wrapper_hw_platform_0_Traces\Traces\Run_@-10_18-13\PS_Trace_@-10_18-13' into  'design_1_wrapper_hw_platform_0_Traces'
18:13:58 INFO  : Attempting to open tracing file 'PS_Trace_@-10_18-13'
18:14:05 INFO  : Disconnected from the channel tcfchan#10.
18:14:06 INFO  : 'targets -set -filter {jtag_cable_name =~ "Xilinx TUL 1234-tulA" && level==0} -index 1' command is executed.
18:14:06 INFO  : 'fpga -state' command is executed.
18:14:06 INFO  : Connected to target on host '127.0.0.1' and port '3121'.
18:14:06 INFO  : Jtag cable 'Xilinx TUL 1234-tulA' is selected.
18:14:06 INFO  : 'jtag frequency' command is executed.
18:14:06 INFO  : Sourcing of 'C:/Users/user/Desktop/SoC/20240109-3Final/Final.sdk/design_1_wrapper_hw_platform_0/ps7_init.tcl' is done.
18:14:06 INFO  : Context for 'APU' is selected.
18:14:06 INFO  : Hardware design information is loaded from 'C:/Users/user/Desktop/SoC/20240109-3Final/Final.sdk/design_1_wrapper_hw_platform_0/system.hdf'.
18:14:06 INFO  : 'configparams force-mem-access 1' command is executed.
18:14:06 INFO  : Context for 'APU' is selected.
18:14:06 INFO  : 'stop' command is executed.
18:14:06 INFO  : 'ps7_init' command is executed.
18:14:06 INFO  : 'ps7_post_config' command is executed.
18:14:06 INFO  : Context for processor 'ps7_cortexa9_0' is selected.
18:14:07 INFO  : Processor reset is completed for 'ps7_cortexa9_0'.
18:14:07 INFO  : Context for processor 'ps7_cortexa9_0' is selected.
18:14:07 INFO  : The application 'C:/Users/user/Desktop/SoC/20240109-3Final/Final.sdk/Final/Debug/Final.elf' is downloaded to processor 'ps7_cortexa9_0'.
18:14:07 INFO  : 'configparams force-mem-access 0' command is executed.
18:14:07 INFO  : ----------------XSDB Script----------------
connect -url tcp:127.0.0.1:3121
source C:/Users/user/Desktop/SoC/20240109-3Final/Final.sdk/design_1_wrapper_hw_platform_0/ps7_init.tcl
targets -set -nocase -filter {name =~"APU*" && jtag_cable_name =~ "Xilinx TUL 1234-tulA"} -index 0
loadhw -hw C:/Users/user/Desktop/SoC/20240109-3Final/Final.sdk/design_1_wrapper_hw_platform_0/system.hdf -mem-ranges [list {0x40000000 0xbfffffff}]
configparams force-mem-access 1
targets -set -nocase -filter {name =~"APU*" && jtag_cable_name =~ "Xilinx TUL 1234-tulA"} -index 0
stop
ps7_init
ps7_post_config
targets -set -nocase -filter {name =~ "ARM*#0" && jtag_cable_name =~ "Xilinx TUL 1234-tulA"} -index 0
rst -processor
targets -set -nocase -filter {name =~ "ARM*#0" && jtag_cable_name =~ "Xilinx TUL 1234-tulA"} -index 0
dow C:/Users/user/Desktop/SoC/20240109-3Final/Final.sdk/Final/Debug/Final.elf
configparams force-mem-access 0
----------------End of Script----------------

18:14:07 INFO  : Memory regions updated for context APU
18:14:07 INFO  : Context for processor 'ps7_cortexa9_0' is selected.
18:14:07 INFO  : 'con' command is executed.
18:14:07 INFO  : ----------------XSDB Script (After Launch)----------------
targets -set -nocase -filter {name =~ "ARM*#0" && jtag_cable_name =~ "Xilinx TUL 1234-tulA"} -index 0
con
----------------End of Script----------------

18:14:07 INFO  : Launch script is exported to file 'C:\Users\user\Desktop\SoC\20240109-3Final\Final.sdk\.sdk\launch_scripts\xilinx_c-c++_application_(system_debugger)\system_debugger_using_debug_final.elf_on_local.tcl'
18:14:15 INFO  : Disconnected from the channel tcfchan#11.
18:14:16 INFO  : 'targets -set -filter {jtag_cable_name =~ "Xilinx TUL 1234-tulA" && level==0} -index 1' command is executed.
18:14:16 INFO  : 'fpga -state' command is executed.
18:14:16 INFO  : Connected to target on host '127.0.0.1' and port '3121'.
18:14:16 INFO  : Jtag cable 'Xilinx TUL 1234-tulA' is selected.
18:14:16 INFO  : 'jtag frequency' command is executed.
18:14:16 INFO  : Sourcing of 'C:/Users/user/Desktop/SoC/20240109-3Final/Final.sdk/design_1_wrapper_hw_platform_0/ps7_init.tcl' is done.
18:14:16 INFO  : Context for 'APU' is selected.
18:14:16 INFO  : Hardware design information is loaded from 'C:/Users/user/Desktop/SoC/20240109-3Final/Final.sdk/design_1_wrapper_hw_platform_0/system.hdf'.
18:14:16 INFO  : 'configparams force-mem-access 1' command is executed.
18:14:16 INFO  : Context for 'APU' is selected.
18:14:16 INFO  : 'stop' command is executed.
18:14:16 INFO  : 'ps7_init' command is executed.
18:14:16 INFO  : 'ps7_post_config' command is executed.
18:14:16 INFO  : Context for processor 'ps7_cortexa9_0' is selected.
18:14:16 INFO  : Processor reset is completed for 'ps7_cortexa9_0'.
18:14:17 INFO  : Context for processor 'ps7_cortexa9_0' is selected.
18:14:17 INFO  : The application 'C:/Users/user/Desktop/SoC/20240109-3Final/Final.sdk/Final/Debug/Final.elf' is downloaded to processor 'ps7_cortexa9_0'.
18:14:17 INFO  : 'configparams force-mem-access 0' command is executed.
18:14:17 INFO  : ----------------XSDB Script----------------
connect -url tcp:127.0.0.1:3121
source C:/Users/user/Desktop/SoC/20240109-3Final/Final.sdk/design_1_wrapper_hw_platform_0/ps7_init.tcl
targets -set -nocase -filter {name =~"APU*" && jtag_cable_name =~ "Xilinx TUL 1234-tulA"} -index 0
loadhw -hw C:/Users/user/Desktop/SoC/20240109-3Final/Final.sdk/design_1_wrapper_hw_platform_0/system.hdf -mem-ranges [list {0x40000000 0xbfffffff}]
configparams force-mem-access 1
targets -set -nocase -filter {name =~"APU*" && jtag_cable_name =~ "Xilinx TUL 1234-tulA"} -index 0
stop
ps7_init
ps7_post_config
targets -set -nocase -filter {name =~ "ARM*#0" && jtag_cable_name =~ "Xilinx TUL 1234-tulA"} -index 0
rst -processor
targets -set -nocase -filter {name =~ "ARM*#0" && jtag_cable_name =~ "Xilinx TUL 1234-tulA"} -index 0
dow C:/Users/user/Desktop/SoC/20240109-3Final/Final.sdk/Final/Debug/Final.elf
configparams force-mem-access 0
----------------End of Script----------------

18:14:17 INFO  : Memory regions updated for context APU
18:14:17 INFO  : Context for processor 'ps7_cortexa9_0' is selected.
18:14:17 INFO  : 'con' command is executed.
18:14:17 INFO  : ----------------XSDB Script (After Launch)----------------
targets -set -nocase -filter {name =~ "ARM*#0" && jtag_cable_name =~ "Xilinx TUL 1234-tulA"} -index 0
con
----------------End of Script----------------

18:14:17 INFO  : Launch script is exported to file 'C:\Users\user\Desktop\SoC\20240109-3Final\Final.sdk\.sdk\launch_scripts\xilinx_c-c++_application_(system_debugger)\system_debugger_using_debug_final.elf_on_local.tcl'
18:16:17 INFO  : Disconnected from the channel tcfchan#12.
18:16:18 INFO  : 'targets -set -filter {jtag_cable_name =~ "Xilinx TUL 1234-tulA" && level==0} -index 1' command is executed.
18:16:18 INFO  : 'fpga -state' command is executed.
18:16:18 INFO  : Connected to target on host '127.0.0.1' and port '3121'.
18:16:19 INFO  : Jtag cable 'Xilinx TUL 1234-tulA' is selected.
18:16:19 INFO  : 'jtag frequency' command is executed.
18:16:19 INFO  : Sourcing of 'C:/Users/user/Desktop/SoC/20240109-3Final/Final.sdk/design_1_wrapper_hw_platform_0/ps7_init.tcl' is done.
18:16:19 INFO  : Context for 'APU' is selected.
18:16:19 INFO  : Hardware design information is loaded from 'C:/Users/user/Desktop/SoC/20240109-3Final/Final.sdk/design_1_wrapper_hw_platform_0/system.hdf'.
18:16:19 INFO  : 'configparams force-mem-access 1' command is executed.
18:16:19 INFO  : Context for 'APU' is selected.
18:16:19 INFO  : 'stop' command is executed.
18:16:19 INFO  : 'ps7_init' command is executed.
18:16:19 INFO  : 'ps7_post_config' command is executed.
18:16:19 INFO  : Context for processor 'ps7_cortexa9_0' is selected.
18:16:19 INFO  : Processor reset is completed for 'ps7_cortexa9_0'.
18:16:19 INFO  : Context for processor 'ps7_cortexa9_0' is selected.
18:16:19 INFO  : The application 'C:/Users/user/Desktop/SoC/20240109-3Final/Final.sdk/Final/Debug/Final.elf' is downloaded to processor 'ps7_cortexa9_0'.
18:16:19 INFO  : 'configparams force-mem-access 0' command is executed.
18:16:19 INFO  : ----------------XSDB Script----------------
connect -url tcp:127.0.0.1:3121
source C:/Users/user/Desktop/SoC/20240109-3Final/Final.sdk/design_1_wrapper_hw_platform_0/ps7_init.tcl
targets -set -nocase -filter {name =~"APU*" && jtag_cable_name =~ "Xilinx TUL 1234-tulA"} -index 0
loadhw -hw C:/Users/user/Desktop/SoC/20240109-3Final/Final.sdk/design_1_wrapper_hw_platform_0/system.hdf -mem-ranges [list {0x40000000 0xbfffffff}]
configparams force-mem-access 1
targets -set -nocase -filter {name =~"APU*" && jtag_cable_name =~ "Xilinx TUL 1234-tulA"} -index 0
stop
ps7_init
ps7_post_config
targets -set -nocase -filter {name =~ "ARM*#0" && jtag_cable_name =~ "Xilinx TUL 1234-tulA"} -index 0
rst -processor
targets -set -nocase -filter {name =~ "ARM*#0" && jtag_cable_name =~ "Xilinx TUL 1234-tulA"} -index 0
dow C:/Users/user/Desktop/SoC/20240109-3Final/Final.sdk/Final/Debug/Final.elf
configparams force-mem-access 0
----------------End of Script----------------

18:16:19 INFO  : Memory regions updated for context APU
18:16:19 INFO  : Context for processor 'ps7_cortexa9_0' is selected.
18:16:19 INFO  : 'con' command is executed.
18:16:19 INFO  : ----------------XSDB Script (After Launch)----------------
targets -set -nocase -filter {name =~ "ARM*#0" && jtag_cable_name =~ "Xilinx TUL 1234-tulA"} -index 0
con
----------------End of Script----------------

18:16:19 INFO  : Launch script is exported to file 'C:\Users\user\Desktop\SoC\20240109-3Final\Final.sdk\.sdk\launch_scripts\xilinx_c-c++_application_(system_debugger)\system_debugger_using_debug_final.elf_on_local.tcl'
18:16:22 INFO  : Performance data for 'PS' has been exported to the file 'C:\Users\user\Desktop\SoC\20240109-3Final\Final.sdk\design_1_wrapper_hw_platform_0_Traces\Traces\Run_@-10_18-13\PS_Trace_@-10_18-13\trace'
18:16:22 WARN  : channel "tcfchan#10" closed
18:16:22 INFO  : Disconnected from the channel tcfchan#13.
18:16:35 INFO  : Registering command handlers for SDK TCF services
18:16:35 INFO  : Launching XSCT server: xsct.bat -interactive C:\Users\user\Desktop\SoC\20240109-3Final\Final.sdk\temp_xsdb_launch_script.tcl
18:16:37 INFO  : XSCT server has started successfully.
18:16:37 INFO  : Successfully done setting XSCT server connection channel  
18:16:37 INFO  : Successfully done setting SDK workspace  
18:16:37 INFO  : Processing command line option -hwspec C:/Users/user/Desktop/SoC/20240109-3Final/Final.sdk/design_1_wrapper.hdf.
18:16:37 INFO  : Checking for hwspec changes in the project design_1_wrapper_hw_platform_4.
18:17:01 INFO  : 'targets -set -filter {jtag_cable_name =~ "Xilinx TUL 1234-tulA" && level==0} -index 1' command is executed.
18:17:01 INFO  : 'fpga -state' command is executed.
18:17:01 INFO  : Connected to target on host '127.0.0.1' and port '3121'.
18:17:01 INFO  : Jtag cable 'Xilinx TUL 1234-tulA' is selected.
18:17:01 INFO  : 'jtag frequency' command is executed.
18:17:01 INFO  : Sourcing of 'C:/Users/user/Desktop/SoC/20240109-3Final/Final.sdk/design_1_wrapper_hw_platform_0/ps7_init.tcl' is done.
18:17:01 INFO  : Context for 'APU' is selected.
18:17:01 INFO  : Hardware design information is loaded from 'C:/Users/user/Desktop/SoC/20240109-3Final/Final.sdk/design_1_wrapper_hw_platform_0/system.hdf'.
18:17:01 INFO  : 'configparams force-mem-access 1' command is executed.
18:17:01 INFO  : Context for 'APU' is selected.
18:17:01 INFO  : 'stop' command is executed.
18:17:01 INFO  : 'ps7_init' command is executed.
18:17:01 INFO  : 'ps7_post_config' command is executed.
18:17:01 INFO  : Context for processor 'ps7_cortexa9_0' is selected.
18:17:01 INFO  : Processor reset is completed for 'ps7_cortexa9_0'.
18:17:01 INFO  : Context for processor 'ps7_cortexa9_0' is selected.
18:17:02 INFO  : The application 'C:/Users/user/Desktop/SoC/20240109-3Final/Final.sdk/Final/Debug/Final.elf' is downloaded to processor 'ps7_cortexa9_0'.
18:17:02 INFO  : 'configparams force-mem-access 0' command is executed.
18:17:02 INFO  : ----------------XSDB Script----------------
connect -url tcp:127.0.0.1:3121
source C:/Users/user/Desktop/SoC/20240109-3Final/Final.sdk/design_1_wrapper_hw_platform_0/ps7_init.tcl
targets -set -nocase -filter {name =~"APU*" && jtag_cable_name =~ "Xilinx TUL 1234-tulA"} -index 0
loadhw -hw C:/Users/user/Desktop/SoC/20240109-3Final/Final.sdk/design_1_wrapper_hw_platform_0/system.hdf -mem-ranges [list {0x40000000 0xbfffffff}]
configparams force-mem-access 1
targets -set -nocase -filter {name =~"APU*" && jtag_cable_name =~ "Xilinx TUL 1234-tulA"} -index 0
stop
ps7_init
ps7_post_config
targets -set -nocase -filter {name =~ "ARM*#0" && jtag_cable_name =~ "Xilinx TUL 1234-tulA"} -index 0
rst -processor
targets -set -nocase -filter {name =~ "ARM*#0" && jtag_cable_name =~ "Xilinx TUL 1234-tulA"} -index 0
dow C:/Users/user/Desktop/SoC/20240109-3Final/Final.sdk/Final/Debug/Final.elf
configparams force-mem-access 0
----------------End of Script----------------

18:17:02 INFO  : Memory regions updated for context APU
18:17:02 INFO  : Context for processor 'ps7_cortexa9_0' is selected.
18:17:02 INFO  : 'con' command is executed.
18:17:02 INFO  : ----------------XSDB Script (After Launch)----------------
targets -set -nocase -filter {name =~ "ARM*#0" && jtag_cable_name =~ "Xilinx TUL 1234-tulA"} -index 0
con
----------------End of Script----------------

18:17:02 INFO  : Launch script is exported to file 'C:\Users\user\Desktop\SoC\20240109-3Final\Final.sdk\.sdk\launch_scripts\xilinx_c-c++_application_(system_debugger)\system_debugger_using_debug_final.elf_on_local.tcl'
18:41:55 INFO  : Disconnected from the channel tcfchan#1.
18:41:56 INFO  : 'targets -set -filter {jtag_cable_name =~ "Xilinx TUL 1234-tulA" && level==0} -index 1' command is executed.
18:41:56 INFO  : 'fpga -state' command is executed.
18:41:56 INFO  : Connected to target on host '127.0.0.1' and port '3121'.
18:41:56 INFO  : Jtag cable 'Xilinx TUL 1234-tulA' is selected.
18:41:56 INFO  : 'jtag frequency' command is executed.
18:41:56 INFO  : Sourcing of 'C:/Users/user/Desktop/SoC/20240109-3Final/Final.sdk/design_1_wrapper_hw_platform_0/ps7_init.tcl' is done.
18:41:56 INFO  : Context for 'APU' is selected.
18:41:57 INFO  : Hardware design information is loaded from 'C:/Users/user/Desktop/SoC/20240109-3Final/Final.sdk/design_1_wrapper_hw_platform_0/system.hdf'.
18:41:57 INFO  : 'configparams force-mem-access 1' command is executed.
18:41:57 INFO  : Context for 'APU' is selected.
18:41:57 INFO  : 'stop' command is executed.
18:41:57 INFO  : 'ps7_init' command is executed.
18:41:57 INFO  : 'ps7_post_config' command is executed.
18:41:57 INFO  : Context for processor 'ps7_cortexa9_0' is selected.
18:41:57 INFO  : Processor reset is completed for 'ps7_cortexa9_0'.
18:41:57 INFO  : Context for processor 'ps7_cortexa9_0' is selected.
18:41:58 INFO  : The application 'C:/Users/user/Desktop/SoC/20240109-3Final/Final.sdk/Final/Debug/Final.elf' is downloaded to processor 'ps7_cortexa9_0'.
18:41:58 INFO  : 'configparams force-mem-access 0' command is executed.
18:41:58 INFO  : ----------------XSDB Script----------------
connect -url tcp:127.0.0.1:3121
source C:/Users/user/Desktop/SoC/20240109-3Final/Final.sdk/design_1_wrapper_hw_platform_0/ps7_init.tcl
targets -set -nocase -filter {name =~"APU*" && jtag_cable_name =~ "Xilinx TUL 1234-tulA"} -index 0
loadhw -hw C:/Users/user/Desktop/SoC/20240109-3Final/Final.sdk/design_1_wrapper_hw_platform_0/system.hdf -mem-ranges [list {0x40000000 0xbfffffff}]
configparams force-mem-access 1
targets -set -nocase -filter {name =~"APU*" && jtag_cable_name =~ "Xilinx TUL 1234-tulA"} -index 0
stop
ps7_init
ps7_post_config
targets -set -nocase -filter {name =~ "ARM*#0" && jtag_cable_name =~ "Xilinx TUL 1234-tulA"} -index 0
rst -processor
targets -set -nocase -filter {name =~ "ARM*#0" && jtag_cable_name =~ "Xilinx TUL 1234-tulA"} -index 0
dow C:/Users/user/Desktop/SoC/20240109-3Final/Final.sdk/Final/Debug/Final.elf
configparams force-mem-access 0
----------------End of Script----------------

18:41:58 INFO  : Memory regions updated for context APU
18:41:58 INFO  : Context for processor 'ps7_cortexa9_0' is selected.
18:41:58 INFO  : 'con' command is executed.
18:41:58 INFO  : ----------------XSDB Script (After Launch)----------------
targets -set -nocase -filter {name =~ "ARM*#0" && jtag_cable_name =~ "Xilinx TUL 1234-tulA"} -index 0
con
----------------End of Script----------------

18:41:58 INFO  : Launch script is exported to file 'C:\Users\user\Desktop\SoC\20240109-3Final\Final.sdk\.sdk\launch_scripts\xilinx_c-c++_application_(system_debugger)\system_debugger_using_debug_final.elf_on_local.tcl'
19:07:48 INFO  : Disconnected from the channel tcfchan#2.
