#-----------------------------------------------------------
# Vivado v2018.3 (64-bit)
# SW Build 2405991 on Thu Dec  6 23:38:27 MST 2018
# IP Build 2404404 on Fri Dec  7 01:43:56 MST 2018
# Start of session at: Mon Jan  8 15:30:22 2024
# Process ID: 668
# Current directory: C:/Users/user/Desktop/20240105Final
# Command line: vivado.exe -gui_launcher_event rodinguilauncherevent7220 C:\Users\user\Desktop\20240105Final\Final.xpr
# Log file: C:/Users/user/Desktop/20240105Final/vivado.log
# Journal file: C:/Users/user/Desktop/20240105Final\vivado.jou
#-----------------------------------------------------------
start_gui
open_project C:/Users/user/Desktop/20240105Final/Final.xpr
INFO: [Project 1-313] Project file moved from 'C:/Users/user/Desktop/SoC/Final' since last save.
Scanning sources...
Finished scanning sources
INFO: [IP_Flow 19-234] Refreshing IP repositories
INFO: [IP_Flow 19-1704] No user IP repositories specified
INFO: [IP_Flow 19-2313] Loaded Vivado IP repository 'C:/Xilinx/Vivado/2018.3/data/ip'.
launch_sdk -workspace C:/Users/user/Desktop/20240105Final/Final.sdk -hwspec C:/Users/user/Desktop/20240105Final/Final.sdk/design_1_wrapper.hdf
INFO: [Vivado 12-393] Launching SDK...
INFO: [Vivado 12-417] Running xsdk -workspace C:/Users/user/Desktop/20240105Final/Final.sdk -hwspec C:/Users/user/Desktop/20240105Final/Final.sdk/design_1_wrapper.hdf
INFO: [Vivado 12-3157] SDK launch initiated. Please check console for any further messages.
update_compile_order -fileset sources_1
open_bd_design {C:/Users/user/Desktop/20240105Final/Final.srcs/sources_1/bd/design_1/design_1.bd}
Adding cell -- xilinx.com:ip:processing_system7:5.5 - processing_system7_0
Adding cell -- xilinx.com:ip:axi_gpio:2.0 - axi_gpio_0
Adding cell -- xilinx.com:ip:axi_interconnect:2.1 - ps7_0_axi_periph
Adding cell -- xilinx.com:ip:axi_protocol_converter:2.1 - auto_pc
Adding cell -- xilinx.com:ip:proc_sys_reset:5.0 - rst_ps7_0_50M
Successfully read diagram <design_1> from BD file <C:/Users/user/Desktop/20240105Final/Final.srcs/sources_1/bd/design_1/design_1.bd>
WARNING: [IP_Flow 19-474] Invalid Parameter 'Component_Name'
exit
INFO: [Common 17-206] Exiting Vivado at Mon Jan  8 15:59:02 2024...
