#-----------------------------------------------------------
# Vivado v2018.3 (64-bit)
# SW Build 2405991 on Thu Dec  6 23:38:27 MST 2018
# IP Build 2404404 on Fri Dec  7 01:43:56 MST 2018
# Start of session at: Wed Jan 10 10:41:41 2024
# Process ID: 20644
# Current directory: C:/Users/user/Desktop/SoC/20240109-3Final
# Command line: vivado.exe -gui_launcher_event rodinguilauncherevent18436 C:\Users\user\Desktop\SoC\20240109-3Final\Final.xpr
# Log file: C:/Users/user/Desktop/SoC/20240109-3Final/vivado.log
# Journal file: C:/Users/user/Desktop/SoC/20240109-3Final\vivado.jou
#-----------------------------------------------------------
start_gui
open_project C:/Users/user/Desktop/SoC/20240109-3Final/Final.xpr
INFO: [Project 1-313] Project file moved from 'C:/Users/user/Desktop/20240108Final/Final' since last save.
Scanning sources...
Finished scanning sources
INFO: [IP_Flow 19-234] Refreshing IP repositories
INFO: [IP_Flow 19-1704] No user IP repositories specified
INFO: [IP_Flow 19-2313] Loaded Vivado IP repository 'C:/Xilinx/Vivado/2018.3/data/ip'.
open_project: Time (s): cpu = 00:00:13 ; elapsed = 00:00:08 . Memory (MB): peak = 874.363 ; gain = 217.777
update_compile_order -fileset sources_1
launch_sdk -workspace C:/Users/user/Desktop/SoC/20240109-3Final/Final.sdk -hwspec C:/Users/user/Desktop/SoC/20240109-3Final/Final.sdk/design_1_wrapper.hdf
INFO: [Vivado 12-393] Launching SDK...
INFO: [Vivado 12-417] Running xsdk -workspace C:/Users/user/Desktop/SoC/20240109-3Final/Final.sdk -hwspec C:/Users/user/Desktop/SoC/20240109-3Final/Final.sdk/design_1_wrapper.hdf
INFO: [Vivado 12-3157] SDK launch initiated. Please check console for any further messages.
exit
INFO: [Common 17-206] Exiting Vivado at Wed Jan 10 14:53:47 2024...
