#-----------------------------------------------------------
# Vivado v2018.3 (64-bit)
# SW Build 2405991 on Thu Dec  6 23:38:27 MST 2018
# IP Build 2404404 on Fri Dec  7 01:43:56 MST 2018
# Start of session at: Thu Jan  4 16:13:10 2024
# Process ID: 21440
# Current directory: M:/¸t¶v/SoC/Final
# Command line: vivado.exe -gui_launcher_event rodinguilauncherevent16836 M:\¸t¶v\SoC\Final\Final.xpr
# Log file: M:/¸t¶v/SoC/Final/vivado.log
# Journal file: M:/¸t¶v/SoC/Final\vivado.jou
#-----------------------------------------------------------
start_gui
open_project M:/¸t¶v/SoC/Final/Final.xpr
INFO: [Project 1-313] Project file moved from 'C:/Users/user/Desktop/SoC/Final' since last save.
Scanning sources...
Finished scanning sources
INFO: [IP_Flow 19-234] Refreshing IP repositories
INFO: [IP_Flow 19-1704] No user IP repositories specified
INFO: [IP_Flow 19-2313] Loaded Vivado IP repository 'C:/Xilinx/Vivado/2018.3/data/ip'.
open_project: Time (s): cpu = 00:00:12 ; elapsed = 00:00:10 . Memory (MB): peak = 824.301 ; gain = 129.395
update_compile_order -fileset sources_1
launch_sdk -workspace M:/¸t¶v/SoC/Final/Final.sdk -hwspec M:/¸t¶v/SoC/Final/Final.sdk/design_1_wrapper.hdf
INFO: [Vivado 12-393] Launching SDK...
INFO: [Vivado 12-417] Running xsdk -workspace M:/¸t¶v/SoC/Final/Final.sdk -hwspec M:/¸t¶v/SoC/Final/Final.sdk/design_1_wrapper.hdf
INFO: [Vivado 12-3157] SDK launch initiated. Please check console for any further messages.
exit
INFO: [Common 17-206] Exiting Vivado at Thu Jan  4 16:13:53 2024...
