#-----------------------------------------------------------
# Vivado v2018.3 (64-bit)
# SW Build 2405991 on Thu Dec  6 23:38:27 MST 2018
# IP Build 2404404 on Fri Dec  7 01:43:56 MST 2018
# Start of session at: Wed Jan  3 15:39:27 2024
# Process ID: 22060
# Current directory: C:/Users/user/Desktop/SoC/Final
# Command line: vivado.exe -gui_launcher_event rodinguilauncherevent22740 C:\Users\user\Desktop\SoC\Final\Final.xpr
# Log file: C:/Users/user/Desktop/SoC/Final/vivado.log
# Journal file: C:/Users/user/Desktop/SoC/Final\vivado.jou
#-----------------------------------------------------------
start_gui
open_project C:/Users/user/Desktop/SoC/Final/Final.xpr
Scanning sources...
Finished scanning sources
INFO: [IP_Flow 19-234] Refreshing IP repositories
INFO: [IP_Flow 19-1704] No user IP repositories specified
INFO: [IP_Flow 19-2313] Loaded Vivado IP repository 'C:/Xilinx/Vivado/2018.3/data/ip'.
launch_sdk -workspace C:/Users/user/Desktop/SoC/Final/Final.sdk -hwspec C:/Users/user/Desktop/SoC/Final/Final.sdk/design_1_wrapper.hdf
INFO: [Vivado 12-393] Launching SDK...
INFO: [Vivado 12-417] Running xsdk -workspace C:/Users/user/Desktop/SoC/Final/Final.sdk -hwspec C:/Users/user/Desktop/SoC/Final/Final.sdk/design_1_wrapper.hdf
INFO: [Vivado 12-3157] SDK launch initiated. Please check console for any further messages.
update_compile_order -fileset sources_1
exit
INFO: [Common 17-206] Exiting Vivado at Wed Jan  3 15:39:59 2024...
