16:33:35 INFO  : Registering command handlers for SDK TCF services
16:33:35 INFO  : Launching XSCT server: xsct.bat -interactive C:\Users\user\Desktop\20240108Final\Final\Final.sdk\temp_xsdb_launch_script.tcl
16:33:36 INFO  : XSCT server has started successfully.
16:33:36 INFO  : Successfully done setting XSCT server connection channel  
16:33:36 INFO  : Successfully done setting SDK workspace  
16:33:36 INFO  : Processing command line option -hwspec C:/Users/user/Desktop/20240108Final/Final/Final.sdk/design_1_wrapper.hdf.
16:51:33 INFO  : Registering command handlers for SDK TCF services
16:51:33 INFO  : Launching XSCT server: xsct.bat -interactive C:\Users\user\Desktop\20240108Final\Final\Final.sdk\temp_xsdb_launch_script.tcl
16:51:34 INFO  : XSCT server has started successfully.
16:51:34 INFO  : Successfully done setting XSCT server connection channel  
16:51:34 INFO  : Successfully done setting SDK workspace  
16:51:34 INFO  : Processing command line option -hwspec C:/Users/user/Desktop/20240108Final/Final/Final.sdk/design_1_wrapper.hdf.
16:51:34 INFO  : Checking for hwspec changes in the project design_1_wrapper_hw_platform_0.
16:52:10 INFO  : Connected to target on host '127.0.0.1' and port '3121'.
16:52:11 INFO  : 'targets -set -filter {jtag_cable_name =~ "Xilinx TUL 1234-tulA" && level==0} -index 1' command is executed.
16:52:13 INFO  : FPGA configured successfully with bitstream "C:/Users/user/Desktop/20240108Final/Final/Final.sdk/design_1_wrapper_hw_platform_0/design_1_wrapper.bit"
16:52:19 INFO  : 'targets -set -filter {jtag_cable_name =~ "Xilinx TUL 1234-tulA" && level==0} -index 1' command is executed.
16:52:19 INFO  : 'fpga -state' command is executed.
16:52:19 INFO  : Connected to target on host '127.0.0.1' and port '3121'.
16:52:19 INFO  : Jtag cable 'Xilinx TUL 1234-tulA' is selected.
16:52:19 INFO  : 'jtag frequency' command is executed.
16:52:19 INFO  : Sourcing of 'C:/Users/user/Desktop/20240108Final/Final/Final.sdk/design_1_wrapper_hw_platform_0/ps7_init.tcl' is done.
16:52:19 INFO  : Context for 'APU' is selected.
16:52:19 INFO  : Hardware design information is loaded from 'C:/Users/user/Desktop/20240108Final/Final/Final.sdk/design_1_wrapper_hw_platform_0/system.hdf'.
16:52:19 INFO  : 'configparams force-mem-access 1' command is executed.
16:52:19 INFO  : Context for 'APU' is selected.
16:52:19 INFO  : 'stop' command is executed.
16:52:19 INFO  : 'ps7_init' command is executed.
16:52:19 INFO  : 'ps7_post_config' command is executed.
16:52:19 INFO  : Context for processor 'ps7_cortexa9_0' is selected.
16:52:20 INFO  : Processor reset is completed for 'ps7_cortexa9_0'.
16:52:20 INFO  : Context for processor 'ps7_cortexa9_0' is selected.
16:52:20 INFO  : The application 'C:/Users/user/Desktop/20240108Final/Final/Final.sdk/Final/Debug/Final.elf' is downloaded to processor 'ps7_cortexa9_0'.
16:52:20 INFO  : 'configparams force-mem-access 0' command is executed.
16:52:20 INFO  : ----------------XSDB Script----------------
connect -url tcp:127.0.0.1:3121
source C:/Users/user/Desktop/20240108Final/Final/Final.sdk/design_1_wrapper_hw_platform_0/ps7_init.tcl
targets -set -nocase -filter {name =~"APU*" && jtag_cable_name =~ "Xilinx TUL 1234-tulA"} -index 0
loadhw -hw C:/Users/user/Desktop/20240108Final/Final/Final.sdk/design_1_wrapper_hw_platform_0/system.hdf -mem-ranges [list {0x40000000 0xbfffffff}]
configparams force-mem-access 1
targets -set -nocase -filter {name =~"APU*" && jtag_cable_name =~ "Xilinx TUL 1234-tulA"} -index 0
stop
ps7_init
ps7_post_config
targets -set -nocase -filter {name =~ "ARM*#0" && jtag_cable_name =~ "Xilinx TUL 1234-tulA"} -index 0
rst -processor
targets -set -nocase -filter {name =~ "ARM*#0" && jtag_cable_name =~ "Xilinx TUL 1234-tulA"} -index 0
dow C:/Users/user/Desktop/20240108Final/Final/Final.sdk/Final/Debug/Final.elf
configparams force-mem-access 0
----------------End of Script----------------

16:52:20 INFO  : Memory regions updated for context APU
16:52:20 INFO  : Context for processor 'ps7_cortexa9_0' is selected.
16:52:20 INFO  : 'con' command is executed.
16:52:20 INFO  : ----------------XSDB Script (After Launch)----------------
targets -set -nocase -filter {name =~ "ARM*#0" && jtag_cable_name =~ "Xilinx TUL 1234-tulA"} -index 0
con
----------------End of Script----------------

16:52:20 INFO  : Launch script is exported to file 'C:\Users\user\Desktop\20240108Final\Final\Final.sdk\.sdk\launch_scripts\xilinx_c-c++_application_(system_debugger)\system_debugger_using_debug_final.elf_on_local.tcl'
14:22:40 INFO  : Disconnected from the channel tcfchan#1.
