#-----------------------------------------------------------
# Webtalk v2018.3 (64-bit)
# SW Build 2405991 on Thu Dec  6 23:38:27 MST 2018
# 
# Start of session at: Tue Dec 26 21:19:17 2023
# Process ID: 12392
# Current directory: C:/Users/user/Desktop/SoC/Final/Final.sdk/webtalk
# Command line: wbtcv.exe -mode batch -source sdk_webtalk.tcl
# Log file: C:/Users/user/Desktop/SoC/Final/Final.sdk/webtalk/webtalk.log
# Journal file: C:/Users/user/Desktop/SoC/Final/Final.sdk/webtalk\webtalk.jou
#-----------------------------------------------------------
source sdk_webtalk.tcl
# webtalk_init -webtalk_dir C:\\Users\\user\\Desktop\\SoC\\Final\\Final.sdk\\webtalk
# webtalk_register_client -client project
# webtalk_add_data -client project -key date_generated -value "2023-12-26 21:19:17" -context "software_version_and_target_device"
# webtalk_add_data -client project -key product_version -value "SDK v2018.3" -context "software_version_and_target_device"
# webtalk_add_data -client project -key build_version -value "2018.3" -context "software_version_and_target_device"
# webtalk_add_data -client project -key os_platform -value "amd64" -context "software_version_and_target_device"
# webtalk_add_data -client project -key registration_id -value "" -context "software_version_and_target_device"
# webtalk_add_data -client project -key tool_flow -value "SDK" -context "software_version_and_target_device"
# webtalk_add_data -client project -key beta -value "false" -context "software_version_and_target_device"
# webtalk_add_data -client project -key route_design -value "NA" -context "software_version_and_target_device"
# webtalk_add_data -client project -key target_family -value "NA" -context "software_version_and_target_device"
# webtalk_add_data -client project -key target_device -value "NA" -context "software_version_and_target_device"
# webtalk_add_data -client project -key target_package -value "NA" -context "software_version_and_target_device"
# webtalk_add_data -client project -key target_speed -value "NA" -context "software_version_and_target_device"
# webtalk_add_data -client project -key random_id -value "ubr98ic5bdjbn8pi3qg2a89qq9" -context "software_version_and_target_device"
# webtalk_add_data -client project -key project_id -value "2018.3_7" -context "software_version_and_target_device"
# webtalk_add_data -client project -key project_iteration -value "7" -context "software_version_and_target_device"
# webtalk_add_data -client project -key os_name -value "Microsoft Windows 8 or later , 64-bit" -context "user_environment"
# webtalk_add_data -client project -key os_release -value "major release  (build 9200)" -context "user_environment"
# webtalk_add_data -client project -key cpu_name -value "12th Gen Intel(R) Core(TM) i7-12700" -context "user_environment"
# webtalk_add_data -client project -key cpu_speed -value "2112 MHz" -context "user_environment"
# webtalk_add_data -client project -key total_processors -value "1" -context "user_environment"
# webtalk_add_data -client project -key system_ram -value "33.943 GB" -context "user_environment"
# webtalk_register_client -client sdk
# webtalk_add_data -client sdk -key uid -value "1703591008818" -context "sdk\\\\hardware/1703591008818"
# webtalk_add_data -client sdk -key isZynq -value "true" -context "sdk\\\\hardware/1703591008818"
# webtalk_add_data -client sdk -key isZynqMP -value "false" -context "sdk\\\\hardware/1703591008818"
# webtalk_add_data -client sdk -key Processors -value "2" -context "sdk\\\\hardware/1703591008818"
# webtalk_add_data -client sdk -key VivadoVersion -value "2018.3" -context "sdk\\\\hardware/1703591008818"
# webtalk_add_data -client sdk -key Arch -value "zynq" -context "sdk\\\\hardware/1703591008818"
# webtalk_add_data -client sdk -key Device -value "7z020" -context "sdk\\\\hardware/1703591008818"
# webtalk_add_data -client sdk -key IsHandoff -value "true" -context "sdk\\\\hardware/1703591008818"
# webtalk_add_data -client sdk -key os -value "NA" -context "sdk\\\\hardware/1703591008818"
# webtalk_add_data -client sdk -key apptemplate -value "NA" -context "sdk\\\\hardware/1703591008818"
# webtalk_add_data -client sdk -key RecordType -value "HWCreation" -context "sdk\\\\hardware/1703591008818"
# webtalk_add_data -client sdk -key uid -value "1703591124471" -context "sdk\\\\bsp/1703591124471"
# webtalk_add_data -client sdk -key hwid -value "1703591008818" -context "sdk\\\\bsp/1703591124471"
# webtalk_add_data -client sdk -key os -value "standalone" -context "sdk\\\\bsp/1703591124471"
# webtalk_add_data -client sdk -key apptemplate -value "empty_application" -context "sdk\\\\bsp/1703591124471"
# webtalk_add_data -client sdk -key RecordType -value "BSPCreation" -context "sdk\\\\bsp/1703591124471"
# webtalk_add_data -client sdk -key uid -value "1703591125613" -context "sdk\\\\application/1703591125613"
# webtalk_add_data -client sdk -key hwid -value "1703591008818" -context "sdk\\\\application/1703591125613"
# webtalk_add_data -client sdk -key bspid -value "1703591124471" -context "sdk\\\\application/1703591125613"
# webtalk_add_data -client sdk -key newbsp -value "true" -context "sdk\\\\application/1703591125613"
# webtalk_add_data -client sdk -key os -value "standalone" -context "sdk\\\\application/1703591125613"
# webtalk_add_data -client sdk -key apptemplate -value "empty_application" -context "sdk\\\\application/1703591125613"
# webtalk_add_data -client sdk -key RecordType -value "APPCreation" -context "sdk\\\\application/1703591125613"
# webtalk_add_data -client sdk -key LangUsed -value "CPP" -context "sdk\\\\application/1703591125613"
# webtalk_add_data -client sdk -key Procused -value "ps7_cortexa9" -context "sdk\\\\application/1703591125613"
# webtalk_add_data -client sdk -key projSize -value "251.140625" -context "sdk\\\\application/1703591125613"
# webtalk_add_data -client sdk -key uid -value "NA" -context "sdk\\\\bsp/1703596757424"
# webtalk_add_data -client sdk -key RecordType -value "ToolUsage" -context "sdk\\\\bsp/1703596757424"
# webtalk_add_data -client sdk -key BootgenCount -value "0" -context "sdk\\\\bsp/1703596757424"
# webtalk_add_data -client sdk -key DebugCount -value "18" -context "sdk\\\\bsp/1703596757424"
# webtalk_add_data -client sdk -key PerfCount -value "1" -context "sdk\\\\bsp/1703596757424"
# webtalk_add_data -client sdk -key FlashCount -value "0" -context "sdk\\\\bsp/1703596757424"
# webtalk_add_data -client sdk -key CrossTriggCount -value "0" -context "sdk\\\\bsp/1703596757424"
# webtalk_add_data -client sdk -key QemuDebugCount -value "0" -context "sdk\\\\bsp/1703596757424"
# webtalk_transmit -clientid 2313277514 -regid "" -xml C:\\Users\\user\\Desktop\\SoC\\Final\\Final.sdk\\webtalk\\usage_statistics_ext_sdk.xml -html C:\\Users\\user\\Desktop\\SoC\\Final\\Final.sdk\\webtalk\\usage_statistics_ext_sdk.html -wdm C:\\Users\\user\\Desktop\\SoC\\Final\\Final.sdk\\webtalk\\sdk_webtalk.wdm -intro "<H3>SDK Usage Report</H3><BR>"
# webtalk_terminate
INFO: [Common 17-206] Exiting Webtalk at Tue Dec 26 21:19:20 2023...
